{"contracts\\ActivityVerifier.sol":{"l":{"29":11,"30":11,"34":0,"49":0,"50":0,"53":0,"63":0,"64":0,"66":0,"69":0,"72":0,"73":0,"74":0,"76":0,"78":0,"79":0,"80":0,"82":0,"86":0,"87":0,"90":0,"92":0},"path":"C:\\Users\\toluk\\Desktop\\Base Jungle\\contracts\\ActivityVerifier.sol","s":{"1":11,"2":11,"3":0,"4":0,"5":0,"6":0,"7":0,"8":0,"9":0,"10":0,"11":0,"12":0,"13":0,"14":0,"15":0,"16":0,"17":0,"18":0},"b":{"1":[0,0],"2":[0,0],"3":[0,0],"4":[0,0],"5":[0,0],"6":[0,0],"7":[0,0],"8":[0,0]},"f":{"1":11,"2":0,"3":0},"fnMap":{"1":{"name":"constructor","line":28,"loc":{"start":{"line":28,"column":4},"end":{"line":31,"column":4}}},"2":{"name":"setActivityCap","line":33,"loc":{"start":{"line":33,"column":4},"end":{"line":35,"column":4}}},"3":{"name":"verifyActivity","line":41,"loc":{"start":{"line":41,"column":4},"end":{"line":93,"column":4}}}},"statementMap":{"1":{"start":{"line":29,"column":8},"end":{"line":29,"column":49}},"2":{"start":{"line":30,"column":8},"end":{"line":30,"column":51}},"3":{"start":{"line":49,"column":8},"end":{"line":49,"column":64}},"4":{"start":{"line":50,"column":8},"end":{"line":50,"column":73}},"5":{"start":{"line":53,"column":8},"end":{"line":53,"column":2027}},"6":{"start":{"line":63,"column":8},"end":{"line":63,"column":84}},"7":{"start":{"line":64,"column":8},"end":{"line":64,"column":57}},"8":{"start":{"line":66,"column":8},"end":{"line":66,"column":74}},"9":{"start":{"line":72,"column":8},"end":{"line":72,"column":46}},"10":{"start":{"line":73,"column":8},"end":{"line":73,"column":75}},"11":{"start":{"line":74,"column":8},"end":{"line":74,"column":53}},"12":{"start":{"line":76,"column":8},"end":{"line":76,"column":38}},"13":{"start":{"line":78,"column":8},"end":{"line":78,"column":2881}},"14":{"start":{"line":79,"column":12},"end":{"line":79,"column":2913}},"15":{"start":{"line":81,"column":19},"end":{"line":81,"column":2996}},"16":{"start":{"line":86,"column":8},"end":{"line":86,"column":3125}},"17":{"start":{"line":90,"column":8},"end":{"line":90,"column":62}},"18":{"start":{"line":92,"column":8},"end":{"line":92,"column":28}}},"branchMap":{"1":{"line":33,"type":"if","locations":[{"start":{"line":33,"column":72},"end":{"line":33,"column":72}},{"start":{"line":33,"column":72},"end":{"line":33,"column":72}}]},"2":{"line":49,"type":"if","locations":[{"start":{"line":49,"column":8},"end":{"line":49,"column":8}},{"start":{"line":49,"column":8},"end":{"line":49,"column":8}}]},"3":{"line":50,"type":"if","locations":[{"start":{"line":50,"column":8},"end":{"line":50,"column":8}},{"start":{"line":50,"column":8},"end":{"line":50,"column":8}}]},"4":{"line":66,"type":"if","locations":[{"start":{"line":66,"column":8},"end":{"line":66,"column":8}},{"start":{"line":66,"column":8},"end":{"line":66,"column":8}}]},"5":{"line":78,"type":"if","locations":[{"start":{"line":78,"column":8},"end":{"line":78,"column":8}},{"start":{"line":78,"column":8},"end":{"line":78,"column":8}}]},"6":{"line":79,"type":"if","locations":[{"start":{"line":79,"column":12},"end":{"line":79,"column":12}},{"start":{"line":79,"column":12},"end":{"line":79,"column":12}}]},"7":{"line":81,"type":"if","locations":[{"start":{"line":81,"column":19},"end":{"line":81,"column":19}},{"start":{"line":81,"column":19},"end":{"line":81,"column":19}}]},"8":{"line":86,"type":"if","locations":[{"start":{"line":86,"column":8},"end":{"line":86,"column":8}},{"start":{"line":86,"column":8},"end":{"line":86,"column":8}}]}}},"contracts\\adapters\\AaveAdapter.sol":{"l":{"75":0,"77":0,"78":0,"81":0,"82":0,"89":0,"97":0,"98":0,"99":0,"107":0,"112":0,"116":0,"117":0,"121":0,"122":0,"124":0,"129":0},"path":"C:\\Users\\toluk\\Desktop\\Base Jungle\\contracts\\adapters\\AaveAdapter.sol","s":{"1":0,"2":0,"3":0,"4":0,"5":0,"6":0,"7":0,"8":0,"9":0,"10":0,"11":0,"12":0,"13":0,"14":0},"b":{"1":[0,0],"2":[0,0],"3":[0,0],"4":[0,0]},"f":{"1":0,"2":0,"3":0,"4":0,"5":0,"6":0,"7":0},"fnMap":{"1":{"name":"constructor","line":74,"loc":{"start":{"line":74,"column":4},"end":{"line":86,"column":4}}},"2":{"name":"setAToken","line":88,"loc":{"start":{"line":88,"column":4},"end":{"line":90,"column":4}}},"3":{"name":"deposit","line":94,"loc":{"start":{"line":92,"column":4},"end":{"line":100,"column":4}}},"4":{"name":"withdraw","line":104,"loc":{"start":{"line":102,"column":4},"end":{"line":113,"column":4}}},"5":{"name":"balanceOf","line":115,"loc":{"start":{"line":115,"column":4},"end":{"line":118,"column":4}}},"6":{"name":"apy","line":120,"loc":{"start":{"line":120,"column":4},"end":{"line":126,"column":4}}},"7":{"name":"riskScore","line":128,"loc":{"start":{"line":128,"column":4},"end":{"line":130,"column":4}}}},"statementMap":{"1":{"start":{"line":75,"column":8},"end":{"line":75,"column":49}},"2":{"start":{"line":81,"column":8},"end":{"line":81,"column":3012}},"3":{"start":{"line":97,"column":8},"end":{"line":97,"column":55}},"4":{"start":{"line":98,"column":8},"end":{"line":98,"column":55}},"5":{"start":{"line":99,"column":8},"end":{"line":99,"column":21}},"6":{"start":{"line":107,"column":8},"end":{"line":107,"column":3801}},"7":{"start":{"line":112,"column":8},"end":{"line":112,"column":24}},"8":{"start":{"line":116,"column":8},"end":{"line":116,"column":51}},"9":{"start":{"line":116,"column":43},"end":{"line":116,"column":51}},"10":{"start":{"line":117,"column":8},"end":{"line":117,"column":46}},"11":{"start":{"line":121,"column":8},"end":{"line":121,"column":4195}},"12":{"start":{"line":122,"column":12},"end":{"line":122,"column":54}},"13":{"start":{"line":124,"column":12},"end":{"line":124,"column":20}},"14":{"start":{"line":129,"column":8},"end":{"line":129,"column":17}}},"branchMap":{"1":{"line":88,"type":"if","locations":[{"start":{"line":88,"column":49},"end":{"line":88,"column":49}},{"start":{"line":88,"column":49},"end":{"line":88,"column":49}}]},"2":{"line":94,"type":"if","locations":[{"start":{"line":94,"column":8},"end":{"line":94,"column":8}},{"start":{"line":94,"column":8},"end":{"line":94,"column":8}}]},"3":{"line":104,"type":"if","locations":[{"start":{"line":104,"column":8},"end":{"line":104,"column":8}},{"start":{"line":104,"column":8},"end":{"line":104,"column":8}}]},"4":{"line":116,"type":"if","locations":[{"start":{"line":116,"column":8},"end":{"line":116,"column":8}},{"start":{"line":116,"column":8},"end":{"line":116,"column":8}}]}}},"contracts\\adapters\\AerodromeGaugeAdapter.sol":{"l":{"36":0,"37":0,"39":0,"40":0,"42":0,"43":0,"52":0,"55":0,"58":0,"61":0,"64":0,"67":0,"68":0,"70":0,"77":0,"78":0,"81":0,"84":0,"85":0,"88":0,"89":0,"91":0,"99":0,"102":0,"104":0,"106":0,"107":0,"110":0,"119":0,"121":0,"122":0,"124":0,"126":0,"134":0,"141":0,"150":0},"path":"C:\\Users\\toluk\\Desktop\\Base Jungle\\contracts\\adapters\\AerodromeGaugeAdapter.sol","s":{"1":0,"2":0,"3":0,"4":0,"5":0,"6":0,"7":0,"8":0,"9":0,"10":0,"11":0,"12":0,"13":0,"14":0,"15":0,"16":0,"17":0,"18":0,"19":0,"20":0,"21":0,"22":0,"23":0,"24":0,"25":0,"26":0,"27":0,"28":0,"29":0},"b":{"1":[0,0],"2":[0,0],"3":[0,0],"4":[0,0],"5":[0,0],"6":[0,0],"7":[0,0],"8":[0,0],"9":[0,0],"10":[0,0],"11":[0,0]},"f":{"1":0,"2":0,"3":0,"4":0,"5":0,"6":0,"7":0,"8":0},"fnMap":{"1":{"name":"constructor","line":35,"loc":{"start":{"line":35,"column":4},"end":{"line":44,"column":4}}},"2":{"name":"stake","line":51,"loc":{"start":{"line":51,"column":4},"end":{"line":71,"column":4}}},"3":{"name":"unstake","line":76,"loc":{"start":{"line":76,"column":4},"end":{"line":92,"column":4}}},"4":{"name":"claimRewards","line":97,"loc":{"start":{"line":97,"column":4},"end":{"line":111,"column":4}}},"5":{"name":"compound","line":117,"loc":{"start":{"line":117,"column":4},"end":{"line":127,"column":4}}},"6":{"name":"getPendingRewards","line":132,"loc":{"start":{"line":132,"column":4},"end":{"line":135,"column":4}}},"7":{"name":"getStakedBalance","line":140,"loc":{"start":{"line":140,"column":4},"end":{"line":142,"column":4}}},"8":{"name":"_getLPToken","line":147,"loc":{"start":{"line":147,"column":4},"end":{"line":151,"column":4}}}},"statementMap":{"1":{"start":{"line":36,"column":8},"end":{"line":36,"column":70}},"2":{"start":{"line":37,"column":8},"end":{"line":37,"column":51}},"3":{"start":{"line":39,"column":8},"end":{"line":39,"column":49}},"4":{"start":{"line":40,"column":8},"end":{"line":40,"column":42}},"5":{"start":{"line":52,"column":8},"end":{"line":52,"column":41}},"6":{"start":{"line":55,"column":8},"end":{"line":55,"column":44}},"7":{"start":{"line":58,"column":8},"end":{"line":58,"column":74}},"8":{"start":{"line":61,"column":8},"end":{"line":61,"column":45}},"9":{"start":{"line":64,"column":8},"end":{"line":64,"column":45}},"10":{"start":{"line":70,"column":8},"end":{"line":70,"column":46}},"11":{"start":{"line":77,"column":8},"end":{"line":77,"column":41}},"12":{"start":{"line":78,"column":8},"end":{"line":78,"column":82}},"13":{"start":{"line":81,"column":8},"end":{"line":81,"column":46}},"14":{"start":{"line":88,"column":8},"end":{"line":88,"column":44}},"15":{"start":{"line":89,"column":8},"end":{"line":89,"column":55}},"16":{"start":{"line":91,"column":8},"end":{"line":91,"column":48}},"17":{"start":{"line":99,"column":8},"end":{"line":99,"column":54}},"18":{"start":{"line":102,"column":8},"end":{"line":102,"column":67}},"19":{"start":{"line":104,"column":8},"end":{"line":104,"column":3661}},"20":{"start":{"line":106,"column":12},"end":{"line":106,"column":55}},"21":{"start":{"line":107,"column":12},"end":{"line":107,"column":57}},"22":{"start":{"line":110,"column":8},"end":{"line":110,"column":26}},"23":{"start":{"line":119,"column":8},"end":{"line":119,"column":54}},"24":{"start":{"line":122,"column":8},"end":{"line":122,"column":47}},"25":{"start":{"line":124,"column":8},"end":{"line":124,"column":48}},"26":{"start":{"line":126,"column":8},"end":{"line":126,"column":28}},"27":{"start":{"line":134,"column":8},"end":{"line":134,"column":59}},"28":{"start":{"line":141,"column":8},"end":{"line":141,"column":41}},"29":{"start":{"line":150,"column":8},"end":{"line":150,"column":25}}},"branchMap":{"1":{"line":36,"type":"if","locations":[{"start":{"line":36,"column":8},"end":{"line":36,"column":8}},{"start":{"line":36,"column":8},"end":{"line":36,"column":8}}]},"2":{"line":37,"type":"if","locations":[{"start":{"line":37,"column":8},"end":{"line":37,"column":8}},{"start":{"line":37,"column":8},"end":{"line":37,"column":8}}]},"3":{"line":51,"type":"if","locations":[{"start":{"line":51,"column":59},"end":{"line":51,"column":59}},{"start":{"line":51,"column":59},"end":{"line":51,"column":59}}]},"4":{"line":52,"type":"if","locations":[{"start":{"line":52,"column":8},"end":{"line":52,"column":8}},{"start":{"line":52,"column":8},"end":{"line":52,"column":8}}]},"5":{"line":76,"type":"if","locations":[{"start":{"line":76,"column":61},"end":{"line":76,"column":61}},{"start":{"line":76,"column":61},"end":{"line":76,"column":61}}]},"6":{"line":77,"type":"if","locations":[{"start":{"line":77,"column":8},"end":{"line":77,"column":8}},{"start":{"line":77,"column":8},"end":{"line":77,"column":8}}]},"7":{"line":78,"type":"if","locations":[{"start":{"line":78,"column":8},"end":{"line":78,"column":8}},{"start":{"line":78,"column":8},"end":{"line":78,"column":8}}]},"8":{"line":97,"type":"if","locations":[{"start":{"line":97,"column":64},"end":{"line":97,"column":64}},{"start":{"line":97,"column":64},"end":{"line":97,"column":64}}]},"9":{"line":104,"type":"if","locations":[{"start":{"line":104,"column":8},"end":{"line":104,"column":8}},{"start":{"line":104,"column":8},"end":{"line":104,"column":8}}]},"10":{"line":117,"type":"if","locations":[{"start":{"line":117,"column":46},"end":{"line":117,"column":46}},{"start":{"line":117,"column":46},"end":{"line":117,"column":46}}]},"11":{"line":122,"type":"if","locations":[{"start":{"line":122,"column":8},"end":{"line":122,"column":8}},{"start":{"line":122,"column":8},"end":{"line":122,"column":8}}]}}},"contracts\\adapters\\AerodromeLPAdapter.sol":{"l":{"44":0,"45":0,"46":0,"47":0,"49":0,"50":0,"51":0,"52":0,"53":0,"55":0,"68":0,"69":0,"72":0,"73":0,"76":0,"89":0,"90":0,"92":0,"93":0,"95":0,"96":0,"99":0,"111":0,"114":0,"125":0,"132":0,"139":0,"140":0,"142":0,"144":0,"147":0,"149":0,"150":0,"151":0,"153":0,"154":0,"167":0,"173":0,"175":0,"177":0,"178":0,"179":0,"182":0,"183":0,"184":0},"path":"C:\\Users\\toluk\\Desktop\\Base Jungle\\contracts\\adapters\\AerodromeLPAdapter.sol","s":{"1":0,"2":0,"3":0,"4":0,"5":0,"6":0,"7":0,"8":0,"9":0,"10":0,"11":0,"12":0,"13":0,"14":0,"15":0,"16":0,"17":0,"18":0,"19":0,"20":0,"21":0,"22":0,"23":0,"24":0,"25":0,"26":0,"27":0,"28":0,"29":0,"30":0,"31":0,"32":0,"33":0,"34":0},"b":{"1":[0,0],"2":[0,0],"3":[0,0],"4":[0,0],"5":[0,0],"6":[0,0],"7":[0,0],"8":[0,0],"9":[0,0],"10":[0,0],"11":[0,0],"12":[0,0],"13":[0,0]},"f":{"1":0,"2":0,"3":0,"4":0,"5":0,"6":0},"fnMap":{"1":{"name":"constructor","line":37,"loc":{"start":{"line":37,"column":4},"end":{"line":56,"column":4}}},"2":{"name":"addLiquidity","line":66,"loc":{"start":{"line":61,"column":4},"end":{"line":100,"column":4}}},"3":{"name":"removeLiquidity","line":109,"loc":{"start":{"line":105,"column":4},"end":{"line":126,"column":4}}},"4":{"name":"getLPBalance","line":131,"loc":{"start":{"line":131,"column":4},"end":{"line":133,"column":4}}},"5":{"name":"getShareOfPool","line":138,"loc":{"start":{"line":138,"column":4},"end":{"line":156,"column":4}}},"6":{"name":"calculateImpermanentLoss","line":163,"loc":{"start":{"line":163,"column":4},"end":{"line":186,"column":4}}}},"statementMap":{"1":{"start":{"line":44,"column":8},"end":{"line":44,"column":55}},"2":{"start":{"line":45,"column":8},"end":{"line":45,"column":55}},"3":{"start":{"line":46,"column":8},"end":{"line":46,"column":55}},"4":{"start":{"line":47,"column":8},"end":{"line":47,"column":51}},"5":{"start":{"line":55,"column":8},"end":{"line":55,"column":49}},"6":{"start":{"line":68,"column":8},"end":{"line":68,"column":81}},"7":{"start":{"line":69,"column":8},"end":{"line":69,"column":81}},"8":{"start":{"line":72,"column":8},"end":{"line":72,"column":53}},"9":{"start":{"line":73,"column":8},"end":{"line":73,"column":53}},"10":{"start":{"line":89,"column":8},"end":{"line":89,"column":50}},"11":{"start":{"line":90,"column":8},"end":{"line":90,"column":50}},"12":{"start":{"line":92,"column":8},"end":{"line":92,"column":3164}},"13":{"start":{"line":93,"column":12},"end":{"line":93,"column":59}},"14":{"start":{"line":95,"column":8},"end":{"line":95,"column":3266}},"15":{"start":{"line":96,"column":12},"end":{"line":96,"column":59}},"16":{"start":{"line":99,"column":8},"end":{"line":99,"column":56}},"17":{"start":{"line":111,"column":8},"end":{"line":111,"column":45}},"18":{"start":{"line":125,"column":8},"end":{"line":125,"column":57}},"19":{"start":{"line":132,"column":8},"end":{"line":132,"column":60}},"20":{"start":{"line":139,"column":8},"end":{"line":139,"column":73}},"21":{"start":{"line":140,"column":8},"end":{"line":140,"column":64}},"22":{"start":{"line":142,"column":8},"end":{"line":142,"column":43}},"23":{"start":{"line":142,"column":30},"end":{"line":142,"column":43}},"24":{"start":{"line":144,"column":8},"end":{"line":144,"column":82}},"25":{"start":{"line":147,"column":8},"end":{"line":147,"column":54}},"26":{"start":{"line":149,"column":8},"end":{"line":149,"column":4949}},"27":{"start":{"line":167,"column":8},"end":{"line":167,"column":70}},"28":{"start":{"line":167,"column":62},"end":{"line":167,"column":70}},"29":{"start":{"line":173,"column":8},"end":{"line":173,"column":70}},"30":{"start":{"line":175,"column":8},"end":{"line":175,"column":6089}},"31":{"start":{"line":177,"column":12},"end":{"line":177,"column":41}},"32":{"start":{"line":178,"column":12},"end":{"line":178,"column":58}},"33":{"start":{"line":182,"column":12},"end":{"line":182,"column":41}},"34":{"start":{"line":183,"column":12},"end":{"line":183,"column":58}}},"branchMap":{"1":{"line":44,"type":"if","locations":[{"start":{"line":44,"column":8},"end":{"line":44,"column":8}},{"start":{"line":44,"column":8},"end":{"line":44,"column":8}}]},"2":{"line":45,"type":"if","locations":[{"start":{"line":45,"column":8},"end":{"line":45,"column":8}},{"start":{"line":45,"column":8},"end":{"line":45,"column":8}}]},"3":{"line":46,"type":"if","locations":[{"start":{"line":46,"column":8},"end":{"line":46,"column":8}},{"start":{"line":46,"column":8},"end":{"line":46,"column":8}}]},"4":{"line":47,"type":"if","locations":[{"start":{"line":47,"column":8},"end":{"line":47,"column":8}},{"start":{"line":47,"column":8},"end":{"line":47,"column":8}}]},"5":{"line":66,"type":"if","locations":[{"start":{"line":66,"column":15},"end":{"line":66,"column":15}},{"start":{"line":66,"column":15},"end":{"line":66,"column":15}}]},"6":{"line":92,"type":"if","locations":[{"start":{"line":92,"column":8},"end":{"line":92,"column":8}},{"start":{"line":92,"column":8},"end":{"line":92,"column":8}}]},"7":{"line":95,"type":"if","locations":[{"start":{"line":95,"column":8},"end":{"line":95,"column":8}},{"start":{"line":95,"column":8},"end":{"line":95,"column":8}}]},"8":{"line":109,"type":"if","locations":[{"start":{"line":109,"column":15},"end":{"line":109,"column":15}},{"start":{"line":109,"column":15},"end":{"line":109,"column":15}}]},"9":{"line":142,"type":"if","locations":[{"start":{"line":142,"column":8},"end":{"line":142,"column":8}},{"start":{"line":142,"column":8},"end":{"line":142,"column":8}}]},"10":{"line":149,"type":"if","locations":[{"start":{"line":149,"column":8},"end":{"line":149,"column":8}},{"start":{"line":149,"column":8},"end":{"line":149,"column":8}}]},"11":{"line":167,"type":"if","locations":[{"start":{"line":167,"column":8},"end":{"line":167,"column":8}},{"start":{"line":167,"column":8},"end":{"line":167,"column":8}}]},"12":{"line":167,"type":"cond-expr","locations":[{"start":{"line":167,"column":12},"end":{"line":167,"column":33}},{"start":{"line":167,"column":38},"end":{"line":167,"column":59}}]},"13":{"line":175,"type":"if","locations":[{"start":{"line":175,"column":8},"end":{"line":175,"column":8}},{"start":{"line":175,"column":8},"end":{"line":175,"column":8}}]}}},"contracts\\adapters\\BeefyVaultAdapter.sol":{"l":{"25":0,"27":0,"29":0,"30":0,"37":0,"40":0,"43":0,"46":0,"49":0,"52":0,"53":0,"55":0,"57":0,"64":0,"67":0,"68":0,"71":0,"74":0,"77":0,"79":0,"81":0,"88":0,"89":0,"92":0,"100":0,"107":0,"114":0,"121":0,"123":0,"124":0,"125":0,"128":0},"path":"C:\\Users\\toluk\\Desktop\\Base Jungle\\contracts\\adapters\\BeefyVaultAdapter.sol","s":{"1":0,"2":0,"3":0,"4":0,"5":0,"6":0,"7":0,"8":0,"9":0,"10":0,"11":0,"12":0,"13":0,"14":0,"15":0,"16":0,"17":0,"18":0,"19":0,"20":0,"21":0,"22":0,"23":0,"24":0,"25":0,"26":0,"27":0,"28":0,"29":0,"30":0},"b":{"1":[0,0],"2":[0,0],"3":[0,0],"4":[0,0],"5":[0,0],"6":[0,0],"7":[0,0]},"f":{"1":0,"2":0,"3":0,"4":0,"5":0,"6":0,"7":0,"8":0},"fnMap":{"1":{"name":"constructor","line":24,"loc":{"start":{"line":24,"column":56},"end":{"line":31,"column":4}}},"2":{"name":"deposit","line":36,"loc":{"start":{"line":36,"column":4},"end":{"line":58,"column":4}}},"3":{"name":"withdraw","line":63,"loc":{"start":{"line":63,"column":4},"end":{"line":82,"column":4}}},"4":{"name":"balanceOf","line":87,"loc":{"start":{"line":87,"column":4},"end":{"line":93,"column":4}}},"5":{"name":"apy","line":99,"loc":{"start":{"line":99,"column":4},"end":{"line":101,"column":4}}},"6":{"name":"riskScore","line":106,"loc":{"start":{"line":106,"column":4},"end":{"line":108,"column":4}}},"7":{"name":"getPricePerShare","line":113,"loc":{"start":{"line":113,"column":4},"end":{"line":115,"column":4}}},"8":{"name":"withdrawAll","line":120,"loc":{"start":{"line":120,"column":4},"end":{"line":129,"column":4}}}},"statementMap":{"1":{"start":{"line":25,"column":8},"end":{"line":25,"column":58}},"2":{"start":{"line":27,"column":8},"end":{"line":27,"column":49}},"3":{"start":{"line":37,"column":8},"end":{"line":37,"column":41}},"4":{"start":{"line":40,"column":8},"end":{"line":40,"column":72}},"5":{"start":{"line":43,"column":8},"end":{"line":43,"column":48}},"6":{"start":{"line":46,"column":8},"end":{"line":46,"column":79}},"7":{"start":{"line":49,"column":8},"end":{"line":49,"column":46}},"8":{"start":{"line":52,"column":8},"end":{"line":52,"column":78}},"9":{"start":{"line":53,"column":8},"end":{"line":53,"column":59}},"10":{"start":{"line":55,"column":8},"end":{"line":55,"column":46}},"11":{"start":{"line":57,"column":8},"end":{"line":57,"column":21}},"12":{"start":{"line":64,"column":8},"end":{"line":64,"column":41}},"13":{"start":{"line":67,"column":8},"end":{"line":67,"column":78}},"14":{"start":{"line":68,"column":8},"end":{"line":68,"column":66}},"15":{"start":{"line":71,"column":8},"end":{"line":71,"column":57}},"16":{"start":{"line":74,"column":8},"end":{"line":74,"column":66}},"17":{"start":{"line":77,"column":8},"end":{"line":77,"column":56}},"18":{"start":{"line":79,"column":8},"end":{"line":79,"column":51}},"19":{"start":{"line":81,"column":8},"end":{"line":81,"column":24}},"20":{"start":{"line":88,"column":8},"end":{"line":88,"column":73}},"21":{"start":{"line":89,"column":8},"end":{"line":89,"column":78}},"22":{"start":{"line":92,"column":8},"end":{"line":92,"column":46}},"23":{"start":{"line":100,"column":8},"end":{"line":100,"column":16}},"24":{"start":{"line":107,"column":8},"end":{"line":107,"column":16}},"25":{"start":{"line":114,"column":8},"end":{"line":114,"column":61}},"26":{"start":{"line":121,"column":8},"end":{"line":121,"column":44}},"27":{"start":{"line":123,"column":8},"end":{"line":123,"column":66}},"28":{"start":{"line":124,"column":8},"end":{"line":124,"column":4193}},"29":{"start":{"line":125,"column":12},"end":{"line":125,"column":60}},"30":{"start":{"line":128,"column":8},"end":{"line":128,"column":24}}},"branchMap":{"1":{"line":25,"type":"if","locations":[{"start":{"line":25,"column":8},"end":{"line":25,"column":8}},{"start":{"line":25,"column":8},"end":{"line":25,"column":8}}]},"2":{"line":36,"type":"if","locations":[{"start":{"line":36,"column":55},"end":{"line":36,"column":55}},{"start":{"line":36,"column":55},"end":{"line":36,"column":55}}]},"3":{"line":37,"type":"if","locations":[{"start":{"line":37,"column":8},"end":{"line":37,"column":8}},{"start":{"line":37,"column":8},"end":{"line":37,"column":8}}]},"4":{"line":63,"type":"if","locations":[{"start":{"line":63,"column":56},"end":{"line":63,"column":56}},{"start":{"line":63,"column":56},"end":{"line":63,"column":56}}]},"5":{"line":64,"type":"if","locations":[{"start":{"line":64,"column":8},"end":{"line":64,"column":8}},{"start":{"line":64,"column":8},"end":{"line":64,"column":8}}]},"6":{"line":120,"type":"if","locations":[{"start":{"line":120,"column":36},"end":{"line":120,"column":36}},{"start":{"line":120,"column":36},"end":{"line":120,"column":36}}]},"7":{"line":124,"type":"if","locations":[{"start":{"line":124,"column":8},"end":{"line":124,"column":8}},{"start":{"line":124,"column":8},"end":{"line":124,"column":8}}]}}},"contracts\\adapters\\CompoundAdapter.sol":{"l":{"23":0,"25":0,"26":0,"27":0,"28":0,"40":0,"57":0,"58":0,"59":0,"67":0,"68":0,"72":0,"78":0,"82":0},"path":"C:\\Users\\toluk\\Desktop\\Base Jungle\\contracts\\adapters\\CompoundAdapter.sol","s":{"1":0,"2":0,"3":0,"4":0,"5":0,"6":0,"7":0,"8":0,"9":0,"10":0,"11":0},"b":{"1":[0,0],"2":[0,0],"3":[0,0]},"f":{"1":0,"2":0,"3":0,"4":0,"5":0,"6":0,"7":0},"fnMap":{"1":{"name":"constructor","line":22,"loc":{"start":{"line":22,"column":4},"end":{"line":41,"column":4}}},"2":{"name":"setAsset","line":44,"loc":{"start":{"line":44,"column":4},"end":{"line":50,"column":4}}},"3":{"name":"deposit","line":54,"loc":{"start":{"line":52,"column":4},"end":{"line":60,"column":4}}},"4":{"name":"withdraw","line":64,"loc":{"start":{"line":62,"column":4},"end":{"line":69,"column":4}}},"5":{"name":"balanceOf","line":71,"loc":{"start":{"line":71,"column":4},"end":{"line":73,"column":4}}},"6":{"name":"apy","line":75,"loc":{"start":{"line":75,"column":4},"end":{"line":79,"column":4}}},"7":{"name":"riskScore","line":81,"loc":{"start":{"line":81,"column":4},"end":{"line":83,"column":4}}}},"statementMap":{"1":{"start":{"line":23,"column":8},"end":{"line":23,"column":49}},"2":{"start":{"line":26,"column":8},"end":{"line":26,"column":28}},"3":{"start":{"line":27,"column":8},"end":{"line":27,"column":906}},"4":{"start":{"line":57,"column":8},"end":{"line":57,"column":52}},"5":{"start":{"line":58,"column":8},"end":{"line":58,"column":34}},"6":{"start":{"line":59,"column":8},"end":{"line":59,"column":21}},"7":{"start":{"line":67,"column":8},"end":{"line":67,"column":36}},"8":{"start":{"line":68,"column":8},"end":{"line":68,"column":21}},"9":{"start":{"line":72,"column":8},"end":{"line":72,"column":45}},"10":{"start":{"line":78,"column":8},"end":{"line":78,"column":18}},"11":{"start":{"line":82,"column":8},"end":{"line":82,"column":17}}},"branchMap":{"1":{"line":44,"type":"if","locations":[{"start":{"line":44,"column":47},"end":{"line":44,"column":47}},{"start":{"line":44,"column":47},"end":{"line":44,"column":47}}]},"2":{"line":54,"type":"if","locations":[{"start":{"line":54,"column":8},"end":{"line":54,"column":8}},{"start":{"line":54,"column":8},"end":{"line":54,"column":8}}]},"3":{"line":64,"type":"if","locations":[{"start":{"line":64,"column":8},"end":{"line":64,"column":8}},{"start":{"line":64,"column":8},"end":{"line":64,"column":8}}]}}},"contracts\\adapters\\MoonwellAdapter.sol":{"l":{"57":0,"58":0,"60":0,"61":0,"62":0,"64":0,"67":0,"68":0,"69":0,"76":0,"79":0,"82":0,"85":0,"86":0,"87":0,"88":0,"90":0,"91":0,"98":0,"100":0,"103":0,"105":0,"106":0,"109":0,"111":0,"112":0,"121":0,"128":0,"130":0,"137":0,"145":0,"146":0,"149":0,"151":0,"158":0,"161":0,"164":0,"167":0,"169":0,"176":0,"185":0,"186":0,"187":0},"path":"C:\\Users\\toluk\\Desktop\\Base Jungle\\contracts\\adapters\\MoonwellAdapter.sol","s":{"1":0,"2":0,"3":0,"4":0,"5":0,"6":0,"7":0,"8":0,"9":0,"10":0,"11":0,"12":0,"13":0,"14":0,"15":0,"16":0,"17":0,"18":0,"19":0,"20":0,"21":0,"22":0,"23":0,"24":0,"25":0,"26":0,"27":0,"28":0,"29":0,"30":0,"31":0,"32":0,"33":0,"34":0,"35":0,"36":0,"37":0,"38":0,"39":0},"b":{"1":[0,0],"2":[0,0],"3":[0,0],"4":[0,0],"5":[0,0],"6":[0,0],"7":[0,0],"8":[0,0],"9":[0,0],"10":[0,0],"11":[0,0],"12":[0,0],"13":[0,0],"14":[0,0],"15":[0,0]},"f":{"1":0,"2":0,"3":0,"4":0,"5":0,"6":0,"7":0,"8":0,"9":0,"10":0},"fnMap":{"1":{"name":"constructor","line":53,"loc":{"start":{"line":53,"column":4},"end":{"line":70,"column":4}}},"2":{"name":"deposit","line":75,"loc":{"start":{"line":75,"column":4},"end":{"line":92,"column":4}}},"3":{"name":"withdraw","line":97,"loc":{"start":{"line":97,"column":4},"end":{"line":113,"column":4}}},"4":{"name":"balanceOf","line":118,"loc":{"start":{"line":118,"column":4},"end":{"line":122,"column":4}}},"5":{"name":"apy","line":127,"loc":{"start":{"line":127,"column":4},"end":{"line":131,"column":4}}},"6":{"name":"riskScore","line":136,"loc":{"start":{"line":136,"column":4},"end":{"line":138,"column":4}}},"7":{"name":"borrow","line":144,"loc":{"start":{"line":144,"column":4},"end":{"line":152,"column":4}}},"8":{"name":"repayBorrow","line":157,"loc":{"start":{"line":157,"column":4},"end":{"line":170,"column":4}}},"9":{"name":"getBorrowBalance","line":175,"loc":{"start":{"line":175,"column":4},"end":{"line":177,"column":4}}},"10":{"name":"getAccountLiquidity","line":184,"loc":{"start":{"line":184,"column":4},"end":{"line":188,"column":4}}}},"statementMap":{"1":{"start":{"line":57,"column":8},"end":{"line":57,"column":55}},"2":{"start":{"line":58,"column":8},"end":{"line":58,"column":65}},"3":{"start":{"line":64,"column":8},"end":{"line":64,"column":49}},"4":{"start":{"line":67,"column":8},"end":{"line":67,"column":51}},"5":{"start":{"line":69,"column":8},"end":{"line":69,"column":40}},"6":{"start":{"line":76,"column":8},"end":{"line":76,"column":41}},"7":{"start":{"line":79,"column":8},"end":{"line":79,"column":72}},"8":{"start":{"line":82,"column":8},"end":{"line":82,"column":44}},"9":{"start":{"line":85,"column":8},"end":{"line":85,"column":71}},"10":{"start":{"line":86,"column":8},"end":{"line":86,"column":64}},"11":{"start":{"line":87,"column":8},"end":{"line":87,"column":70}},"12":{"start":{"line":88,"column":8},"end":{"line":88,"column":58}},"13":{"start":{"line":90,"column":8},"end":{"line":90,"column":45}},"14":{"start":{"line":91,"column":8},"end":{"line":91,"column":21}},"15":{"start":{"line":98,"column":8},"end":{"line":98,"column":41}},"16":{"start":{"line":100,"column":8},"end":{"line":100,"column":71}},"17":{"start":{"line":103,"column":8},"end":{"line":103,"column":78}},"18":{"start":{"line":105,"column":8},"end":{"line":105,"column":70}},"19":{"start":{"line":106,"column":8},"end":{"line":106,"column":58}},"20":{"start":{"line":109,"column":8},"end":{"line":109,"column":53}},"21":{"start":{"line":111,"column":8},"end":{"line":111,"column":45}},"22":{"start":{"line":112,"column":8},"end":{"line":112,"column":21}},"23":{"start":{"line":121,"column":8},"end":{"line":121,"column":70}},"24":{"start":{"line":128,"column":8},"end":{"line":128,"column":65}},"25":{"start":{"line":130,"column":8},"end":{"line":130,"column":58}},"26":{"start":{"line":137,"column":8},"end":{"line":137,"column":16}},"27":{"start":{"line":145,"column":8},"end":{"line":145,"column":41}},"28":{"start":{"line":146,"column":8},"end":{"line":146,"column":68}},"29":{"start":{"line":149,"column":8},"end":{"line":149,"column":53}},"30":{"start":{"line":151,"column":8},"end":{"line":151,"column":21}},"31":{"start":{"line":158,"column":8},"end":{"line":158,"column":41}},"32":{"start":{"line":161,"column":8},"end":{"line":161,"column":72}},"33":{"start":{"line":164,"column":8},"end":{"line":164,"column":44}},"34":{"start":{"line":167,"column":8},"end":{"line":167,"column":72}},"35":{"start":{"line":169,"column":8},"end":{"line":169,"column":21}},"36":{"start":{"line":176,"column":8},"end":{"line":176,"column":66}},"37":{"start":{"line":185,"column":8},"end":{"line":185,"column":112}},"38":{"start":{"line":186,"column":8},"end":{"line":186,"column":47}},"39":{"start":{"line":187,"column":8},"end":{"line":187,"column":39}}},"branchMap":{"1":{"line":57,"type":"if","locations":[{"start":{"line":57,"column":8},"end":{"line":57,"column":8}},{"start":{"line":57,"column":8},"end":{"line":57,"column":8}}]},"2":{"line":58,"type":"if","locations":[{"start":{"line":58,"column":8},"end":{"line":58,"column":8}},{"start":{"line":58,"column":8},"end":{"line":58,"column":8}}]},"3":{"line":75,"type":"if","locations":[{"start":{"line":75,"column":55},"end":{"line":75,"column":55}},{"start":{"line":75,"column":55},"end":{"line":75,"column":55}}]},"4":{"line":76,"type":"if","locations":[{"start":{"line":76,"column":8},"end":{"line":76,"column":8}},{"start":{"line":76,"column":8},"end":{"line":76,"column":8}}]},"5":{"line":86,"type":"if","locations":[{"start":{"line":86,"column":8},"end":{"line":86,"column":8}},{"start":{"line":86,"column":8},"end":{"line":86,"column":8}}]},"6":{"line":97,"type":"if","locations":[{"start":{"line":97,"column":56},"end":{"line":97,"column":56}},{"start":{"line":97,"column":56},"end":{"line":97,"column":56}}]},"7":{"line":98,"type":"if","locations":[{"start":{"line":98,"column":8},"end":{"line":98,"column":8}},{"start":{"line":98,"column":8},"end":{"line":98,"column":8}}]},"8":{"line":103,"type":"if","locations":[{"start":{"line":103,"column":8},"end":{"line":103,"column":8}},{"start":{"line":103,"column":8},"end":{"line":103,"column":8}}]},"9":{"line":144,"type":"if","locations":[{"start":{"line":144,"column":45},"end":{"line":144,"column":45}},{"start":{"line":144,"column":45},"end":{"line":144,"column":45}}]},"10":{"line":145,"type":"if","locations":[{"start":{"line":145,"column":8},"end":{"line":145,"column":8}},{"start":{"line":145,"column":8},"end":{"line":145,"column":8}}]},"11":{"line":146,"type":"if","locations":[{"start":{"line":146,"column":8},"end":{"line":146,"column":8}},{"start":{"line":146,"column":8},"end":{"line":146,"column":8}}]},"12":{"line":157,"type":"if","locations":[{"start":{"line":157,"column":50},"end":{"line":157,"column":50}},{"start":{"line":157,"column":50},"end":{"line":157,"column":50}}]},"13":{"line":158,"type":"if","locations":[{"start":{"line":158,"column":8},"end":{"line":158,"column":8}},{"start":{"line":158,"column":8},"end":{"line":158,"column":8}}]},"14":{"line":167,"type":"if","locations":[{"start":{"line":167,"column":8},"end":{"line":167,"column":8}},{"start":{"line":167,"column":8},"end":{"line":167,"column":8}}]},"15":{"line":186,"type":"if","locations":[{"start":{"line":186,"column":8},"end":{"line":186,"column":8}},{"start":{"line":186,"column":8},"end":{"line":186,"column":8}}]}}},"contracts\\adapters\\UniswapV3Adapter.sol":{"l":{"41":0,"42":0,"44":0,"45":0,"47":0,"48":0,"51":0,"52":0,"53":0,"60":0,"61":0,"62":0,"63":0,"65":0,"78":0,"80":0,"81":0,"83":0,"84":0,"91":0,"92":0,"93":0,"97":0,"101":0,"102":0,"114":0,"116":0,"123":0,"125":0,"139":0,"142":0,"143":0,"146":0,"149":0,"152":0,"163":0,"165":0,"179":0,"182":0,"185":0,"188":0,"199":0,"201":0,"208":0},"path":"C:\\Users\\toluk\\Desktop\\Base Jungle\\contracts\\adapters\\UniswapV3Adapter.sol","s":{"1":0,"2":0,"3":0,"4":0,"5":0,"6":0,"7":0,"8":0,"9":0,"10":0,"11":0,"12":0,"13":0,"14":0,"15":0,"16":0,"17":0,"18":0,"19":0,"20":0,"21":0,"22":0,"23":0,"24":0,"25":0,"26":0,"27":0,"28":0,"29":0,"30":0,"31":0,"32":0,"33":0,"34":0,"35":0,"36":0},"b":{"1":[0,0],"2":[0,0],"3":[0,0],"4":[0,0],"5":[0,0],"6":[0,0],"7":[0,0],"8":[0,0],"9":[0,0],"10":[0,0],"11":[0,0],"12":[0,0],"13":[0,0]},"f":{"1":0,"2":0,"3":0,"4":0,"5":0,"6":0,"7":0},"fnMap":{"1":{"name":"constructor","line":40,"loc":{"start":{"line":40,"column":4},"end":{"line":54,"column":4}}},"2":{"name":"setFeeTiers","line":59,"loc":{"start":{"line":59,"column":4},"end":{"line":66,"column":4}}},"3":{"name":"getBestQuote","line":73,"loc":{"start":{"line":73,"column":4},"end":{"line":103,"column":4}}},"4":{"name":"getQuote","line":108,"loc":{"start":{"line":108,"column":4},"end":{"line":127,"column":4}}},"5":{"name":"swap","line":138,"loc":{"start":{"line":132,"column":4},"end":{"line":166,"column":4}}},"6":{"name":"swapWithFee","line":178,"loc":{"start":{"line":171,"column":4},"end":{"line":202,"column":4}}},"7":{"name":"getFeeTiers","line":207,"loc":{"start":{"line":207,"column":4},"end":{"line":209,"column":4}}}},"statementMap":{"1":{"start":{"line":41,"column":8},"end":{"line":41,"column":55}},"2":{"start":{"line":42,"column":8},"end":{"line":42,"column":55}},"3":{"start":{"line":44,"column":8},"end":{"line":44,"column":49}},"4":{"start":{"line":45,"column":8},"end":{"line":45,"column":48}},"5":{"start":{"line":51,"column":8},"end":{"line":51,"column":25}},"6":{"start":{"line":52,"column":8},"end":{"line":52,"column":26}},"7":{"start":{"line":53,"column":8},"end":{"line":53,"column":27}},"8":{"start":{"line":60,"column":8},"end":{"line":60,"column":51}},"9":{"start":{"line":62,"column":8},"end":{"line":62,"column":2119}},"10":{"start":{"line":63,"column":12},"end":{"line":63,"column":38}},"11":{"start":{"line":65,"column":8},"end":{"line":65,"column":39}},"12":{"start":{"line":78,"column":8},"end":{"line":78,"column":43}},"13":{"start":{"line":80,"column":8},"end":{"line":80,"column":30}},"14":{"start":{"line":83,"column":8},"end":{"line":83,"column":2721}},"15":{"start":{"line":84,"column":12},"end":{"line":84,"column":2786}},"16":{"start":{"line":91,"column":16},"end":{"line":91,"column":3029}},"17":{"start":{"line":101,"column":8},"end":{"line":101,"column":46}},"18":{"start":{"line":102,"column":8},"end":{"line":102,"column":36}},"19":{"start":{"line":114,"column":8},"end":{"line":114,"column":35}},"20":{"start":{"line":114,"column":27},"end":{"line":114,"column":35}},"21":{"start":{"line":116,"column":8},"end":{"line":116,"column":3678}},"22":{"start":{"line":123,"column":12},"end":{"line":123,"column":24}},"23":{"start":{"line":125,"column":12},"end":{"line":125,"column":20}},"24":{"start":{"line":139,"column":8},"end":{"line":139,"column":43}},"25":{"start":{"line":142,"column":8},"end":{"line":142,"column":89}},"26":{"start":{"line":143,"column":8},"end":{"line":143,"column":64}},"27":{"start":{"line":146,"column":8},"end":{"line":146,"column":76}},"28":{"start":{"line":149,"column":8},"end":{"line":149,"column":57}},"29":{"start":{"line":152,"column":8},"end":{"line":152,"column":4733}},"30":{"start":{"line":165,"column":8},"end":{"line":165,"column":74}},"31":{"start":{"line":179,"column":8},"end":{"line":179,"column":43}},"32":{"start":{"line":182,"column":8},"end":{"line":182,"column":76}},"33":{"start":{"line":185,"column":8},"end":{"line":185,"column":57}},"34":{"start":{"line":188,"column":8},"end":{"line":188,"column":5889}},"35":{"start":{"line":201,"column":8},"end":{"line":201,"column":70}},"36":{"start":{"line":208,"column":8},"end":{"line":208,"column":23}}},"branchMap":{"1":{"line":41,"type":"if","locations":[{"start":{"line":41,"column":8},"end":{"line":41,"column":8}},{"start":{"line":41,"column":8},"end":{"line":41,"column":8}}]},"2":{"line":42,"type":"if","locations":[{"start":{"line":42,"column":8},"end":{"line":42,"column":8}},{"start":{"line":42,"column":8},"end":{"line":42,"column":8}}]},"3":{"line":59,"type":"if","locations":[{"start":{"line":59,"column":63},"end":{"line":59,"column":63}},{"start":{"line":59,"column":63},"end":{"line":59,"column":63}}]},"4":{"line":60,"type":"if","locations":[{"start":{"line":60,"column":8},"end":{"line":60,"column":8}},{"start":{"line":60,"column":8},"end":{"line":60,"column":8}}]},"5":{"line":78,"type":"if","locations":[{"start":{"line":78,"column":8},"end":{"line":78,"column":8}},{"start":{"line":78,"column":8},"end":{"line":78,"column":8}}]},"6":{"line":91,"type":"if","locations":[{"start":{"line":91,"column":16},"end":{"line":91,"column":16}},{"start":{"line":91,"column":16},"end":{"line":91,"column":16}}]},"7":{"line":101,"type":"if","locations":[{"start":{"line":101,"column":8},"end":{"line":101,"column":8}},{"start":{"line":101,"column":8},"end":{"line":101,"column":8}}]},"8":{"line":114,"type":"if","locations":[{"start":{"line":114,"column":8},"end":{"line":114,"column":8}},{"start":{"line":114,"column":8},"end":{"line":114,"column":8}}]},"9":{"line":138,"type":"if","locations":[{"start":{"line":138,"column":15},"end":{"line":138,"column":15}},{"start":{"line":138,"column":15},"end":{"line":138,"column":15}}]},"10":{"line":139,"type":"if","locations":[{"start":{"line":139,"column":8},"end":{"line":139,"column":8}},{"start":{"line":139,"column":8},"end":{"line":139,"column":8}}]},"11":{"line":143,"type":"if","locations":[{"start":{"line":143,"column":8},"end":{"line":143,"column":8}},{"start":{"line":143,"column":8},"end":{"line":143,"column":8}}]},"12":{"line":178,"type":"if","locations":[{"start":{"line":178,"column":15},"end":{"line":178,"column":15}},{"start":{"line":178,"column":15},"end":{"line":178,"column":15}}]},"13":{"line":179,"type":"if","locations":[{"start":{"line":179,"column":8},"end":{"line":179,"column":8}},{"start":{"line":179,"column":8},"end":{"line":179,"column":8}}]}}},"contracts\\adapters\\UniswapV3AdapterSimple.sol":{"l":{"21":0,"22":0,"23":0,"29":0,"30":0,"35":0,"36":0,"40":0,"45":0},"path":"C:\\Users\\toluk\\Desktop\\Base Jungle\\contracts\\adapters\\UniswapV3AdapterSimple.sol","s":{"1":0,"2":0,"3":0,"4":0,"5":0,"6":0},"b":{},"f":{"1":0,"2":0,"3":0,"4":0,"5":0},"fnMap":{"1":{"name":"constructor","line":16,"loc":{"start":{"line":16,"column":4},"end":{"line":24,"column":4}}},"2":{"name":"deposit","line":26,"loc":{"start":{"line":26,"column":4},"end":{"line":31,"column":4}}},"3":{"name":"withdraw","line":33,"loc":{"start":{"line":33,"column":4},"end":{"line":37,"column":4}}},"4":{"name":"totalAssets","line":39,"loc":{"start":{"line":39,"column":4},"end":{"line":41,"column":4}}},"5":{"name":"getAPY","line":43,"loc":{"start":{"line":43,"column":4},"end":{"line":46,"column":4}}}},"statementMap":{"1":{"start":{"line":29,"column":8},"end":{"line":29,"column":68}},"2":{"start":{"line":30,"column":8},"end":{"line":30,"column":21}},"3":{"start":{"line":35,"column":8},"end":{"line":35,"column":49}},"4":{"start":{"line":36,"column":8},"end":{"line":36,"column":21}},"5":{"start":{"line":40,"column":8},"end":{"line":40,"column":53}},"6":{"start":{"line":45,"column":8},"end":{"line":45,"column":19}}},"branchMap":{}},"contracts\\automation\\StrategyController.sol":{"l":{"81":0,"83":0,"84":0,"85":0,"87":0,"90":0,"99":0,"101":0,"106":0,"120":0,"121":0,"123":0,"125":0,"136":0,"143":0,"146":0,"149":0,"150":0,"153":0,"154":0,"157":0,"159":0,"160":0,"162":0,"163":0,"173":0,"174":0,"176":0,"177":0,"187":0,"189":0,"192":0,"193":0,"194":0,"195":0,"200":0,"201":0,"203":0,"204":0,"206":0,"207":0,"208":0,"209":0,"214":0,"221":0,"222":0,"223":0,"225":0,"227":0,"228":0,"238":0,"241":0,"242":0,"245":0,"246":0,"248":0,"255":0,"258":0,"261":0,"262":0,"264":0,"266":0,"275":0,"276":0,"278":0,"281":0,"285":0,"293":0,"294":0,"297":0,"298":0,"299":0,"302":0,"303":0,"304":0,"307":0,"308":0,"309":0},"path":"C:\\Users\\toluk\\Desktop\\Base Jungle\\contracts\\automation\\StrategyController.sol","s":{"1":0,"2":0,"3":0,"4":0,"5":0,"6":0,"7":0,"8":0,"9":0,"10":0,"11":0,"12":0,"13":0,"14":0,"15":0,"16":0,"17":0,"18":0,"19":0,"20":0,"21":0,"22":0,"23":0,"24":0,"25":0,"26":0,"27":0,"28":0,"29":0,"30":0,"31":0,"32":0,"33":0,"34":0,"35":0,"36":0,"37":0,"38":0,"39":0,"40":0,"41":0,"42":0,"43":0,"44":0,"45":0,"46":0,"47":0,"48":0,"49":0,"50":0,"51":0,"52":0,"53":0,"54":0,"55":0,"56":0,"57":0,"58":0,"59":0,"60":0,"61":0,"62":0,"63":0,"64":0,"65":0,"66":0,"67":0,"68":0,"69":0},"b":{"1":[0,0],"2":[0,0],"3":[0,0],"4":[0,0],"5":[0,0],"6":[0,0],"7":[0,0],"8":[0,0],"9":[0,0],"10":[0,0],"11":[0,0],"12":[0,0],"13":[0,0],"14":[0,0],"15":[0,0],"16":[0,0],"17":[0,0],"18":[0,0],"19":[0,0],"20":[0,0],"21":[0,0]},"f":{"1":0,"2":0,"3":0,"4":0,"5":0,"6":0,"7":0,"8":0,"9":0,"10":0,"11":0},"fnMap":{"1":{"name":"constructor","line":80,"loc":{"start":{"line":80,"column":4},"end":{"line":91,"column":4}}},"2":{"name":"setUserSettings","line":98,"loc":{"start":{"line":98,"column":4},"end":{"line":107,"column":4}}},"3":{"name":"addStrategy","line":119,"loc":{"start":{"line":112,"column":4},"end":{"line":137,"column":4}}},"4":{"name":"allocate","line":142,"loc":{"start":{"line":142,"column":4},"end":{"line":167,"column":4}}},"5":{"name":"deallocate","line":172,"loc":{"start":{"line":172,"column":4},"end":{"line":180,"column":4}}},"6":{"name":"rebalance","line":185,"loc":{"start":{"line":185,"column":4},"end":{"line":215,"column":4}}},"7":{"name":"getTotalValue","line":220,"loc":{"start":{"line":220,"column":4},"end":{"line":232,"column":4}}},"8":{"name":"_allocateToStrategy","line":237,"loc":{"start":{"line":237,"column":4},"end":{"line":249,"column":4}}},"9":{"name":"_withdrawFromStrategy","line":254,"loc":{"start":{"line":254,"column":4},"end":{"line":267,"column":4}}},"10":{"name":"_findStrategyByType","line":274,"loc":{"start":{"line":274,"column":4},"end":{"line":286,"column":4}}},"11":{"name":"_setDefaultAllocations","line":291,"loc":{"start":{"line":291,"column":4},"end":{"line":310,"column":4}}}},"statementMap":{"1":{"start":{"line":81,"column":8},"end":{"line":81,"column":74}},"2":{"start":{"line":83,"column":8},"end":{"line":83,"column":49}},"3":{"start":{"line":84,"column":8},"end":{"line":84,"column":42}},"4":{"start":{"line":85,"column":8},"end":{"line":85,"column":50}},"5":{"start":{"line":90,"column":8},"end":{"line":90,"column":31}},"6":{"start":{"line":99,"column":8},"end":{"line":99,"column":52}},"7":{"start":{"line":106,"column":8},"end":{"line":106,"column":65}},"8":{"start":{"line":120,"column":8},"end":{"line":120,"column":72}},"9":{"start":{"line":121,"column":8},"end":{"line":121,"column":56}},"10":{"start":{"line":136,"column":8},"end":{"line":136,"column":61}},"11":{"start":{"line":143,"column":8},"end":{"line":143,"column":46}},"12":{"start":{"line":146,"column":8},"end":{"line":146,"column":69}},"13":{"start":{"line":149,"column":8},"end":{"line":149,"column":65}},"14":{"start":{"line":150,"column":8},"end":{"line":150,"column":58}},"15":{"start":{"line":153,"column":8},"end":{"line":153,"column":5640}},"16":{"start":{"line":154,"column":12},"end":{"line":154,"column":55}},"17":{"start":{"line":157,"column":12},"end":{"line":157,"column":79}},"18":{"start":{"line":159,"column":12},"end":{"line":159,"column":5910}},"19":{"start":{"line":160,"column":16},"end":{"line":160,"column":81}},"20":{"start":{"line":162,"column":16},"end":{"line":162,"column":6102}},"21":{"start":{"line":163,"column":20},"end":{"line":163,"column":64}},"22":{"start":{"line":173,"column":8},"end":{"line":173,"column":6411}},"23":{"start":{"line":174,"column":12},"end":{"line":174,"column":56}},"24":{"start":{"line":176,"column":12},"end":{"line":176,"column":6547}},"25":{"start":{"line":187,"column":8},"end":{"line":187,"column":48}},"26":{"start":{"line":189,"column":8},"end":{"line":189,"column":35}},"27":{"start":{"line":189,"column":29},"end":{"line":189,"column":35}},"28":{"start":{"line":192,"column":8},"end":{"line":192,"column":7021}},"29":{"start":{"line":193,"column":12},"end":{"line":193,"column":56}},"30":{"start":{"line":194,"column":12},"end":{"line":194,"column":7143}},"31":{"start":{"line":195,"column":16},"end":{"line":195,"column":56}},"32":{"start":{"line":200,"column":8},"end":{"line":200,"column":69}},"33":{"start":{"line":201,"column":8},"end":{"line":201,"column":65}},"34":{"start":{"line":203,"column":8},"end":{"line":203,"column":7449}},"35":{"start":{"line":204,"column":12},"end":{"line":204,"column":83}},"36":{"start":{"line":206,"column":12},"end":{"line":206,"column":7613}},"37":{"start":{"line":207,"column":16},"end":{"line":207,"column":84}},"38":{"start":{"line":208,"column":16},"end":{"line":208,"column":7790}},"39":{"start":{"line":209,"column":20},"end":{"line":209,"column":64}},"40":{"start":{"line":214,"column":8},"end":{"line":214,"column":41}},"41":{"start":{"line":221,"column":8},"end":{"line":221,"column":8130}},"42":{"start":{"line":222,"column":12},"end":{"line":222,"column":8193}},"43":{"start":{"line":223,"column":16},"end":{"line":223,"column":56}},"44":{"start":{"line":225,"column":16},"end":{"line":225,"column":8327}},"45":{"start":{"line":227,"column":20},"end":{"line":227,"column":84}},"46":{"start":{"line":238,"column":8},"end":{"line":238,"column":58}},"47":{"start":{"line":241,"column":8},"end":{"line":241,"column":63}},"48":{"start":{"line":242,"column":8},"end":{"line":242,"column":57}},"49":{"start":{"line":248,"column":8},"end":{"line":248,"column":48}},"50":{"start":{"line":255,"column":8},"end":{"line":255,"column":58}},"51":{"start":{"line":258,"column":8},"end":{"line":258,"column":79}},"52":{"start":{"line":264,"column":8},"end":{"line":264,"column":50}},"53":{"start":{"line":266,"column":8},"end":{"line":266,"column":24}},"54":{"start":{"line":275,"column":8},"end":{"line":275,"column":9965}},"55":{"start":{"line":276,"column":12},"end":{"line":276,"column":52}},"56":{"start":{"line":278,"column":12},"end":{"line":278,"column":10097}},"57":{"start":{"line":281,"column":16},"end":{"line":281,"column":24}},"58":{"start":{"line":285,"column":8},"end":{"line":285,"column":32}},"59":{"start":{"line":293,"column":8},"end":{"line":293,"column":102}},"60":{"start":{"line":294,"column":8},"end":{"line":294,"column":106}},"61":{"start":{"line":297,"column":8},"end":{"line":297,"column":101}},"62":{"start":{"line":298,"column":8},"end":{"line":298,"column":103}},"63":{"start":{"line":299,"column":8},"end":{"line":299,"column":105}},"64":{"start":{"line":302,"column":8},"end":{"line":302,"column":113}},"65":{"start":{"line":303,"column":8},"end":{"line":303,"column":107}},"66":{"start":{"line":304,"column":8},"end":{"line":304,"column":107}},"67":{"start":{"line":307,"column":8},"end":{"line":307,"column":106}},"68":{"start":{"line":308,"column":8},"end":{"line":308,"column":107}},"69":{"start":{"line":309,"column":8},"end":{"line":309,"column":111}}},"branchMap":{"1":{"line":81,"type":"if","locations":[{"start":{"line":81,"column":8},"end":{"line":81,"column":8}},{"start":{"line":81,"column":8},"end":{"line":81,"column":8}}]},"2":{"line":99,"type":"if","locations":[{"start":{"line":99,"column":8},"end":{"line":99,"column":8}},{"start":{"line":99,"column":8},"end":{"line":99,"column":8}}]},"3":{"line":119,"type":"if","locations":[{"start":{"line":119,"column":15},"end":{"line":119,"column":15}},{"start":{"line":119,"column":15},"end":{"line":119,"column":15}}]},"4":{"line":120,"type":"if","locations":[{"start":{"line":120,"column":8},"end":{"line":120,"column":8}},{"start":{"line":120,"column":8},"end":{"line":120,"column":8}}]},"5":{"line":121,"type":"if","locations":[{"start":{"line":121,"column":8},"end":{"line":121,"column":8}},{"start":{"line":121,"column":8},"end":{"line":121,"column":8}}]},"6":{"line":142,"type":"if","locations":[{"start":{"line":142,"column":66},"end":{"line":142,"column":66}},{"start":{"line":142,"column":66},"end":{"line":142,"column":66}}]},"7":{"line":143,"type":"if","locations":[{"start":{"line":143,"column":8},"end":{"line":143,"column":8}},{"start":{"line":143,"column":8},"end":{"line":143,"column":8}}]},"8":{"line":150,"type":"if","locations":[{"start":{"line":150,"column":8},"end":{"line":150,"column":8}},{"start":{"line":150,"column":8},"end":{"line":150,"column":8}}]},"9":{"line":159,"type":"if","locations":[{"start":{"line":159,"column":12},"end":{"line":159,"column":12}},{"start":{"line":159,"column":12},"end":{"line":159,"column":12}}]},"10":{"line":162,"type":"if","locations":[{"start":{"line":162,"column":16},"end":{"line":162,"column":16}},{"start":{"line":162,"column":16},"end":{"line":162,"column":16}}]},"11":{"line":172,"type":"if","locations":[{"start":{"line":172,"column":47},"end":{"line":172,"column":47}},{"start":{"line":172,"column":47},"end":{"line":172,"column":47}}]},"12":{"line":176,"type":"if","locations":[{"start":{"line":176,"column":12},"end":{"line":176,"column":12}},{"start":{"line":176,"column":12},"end":{"line":176,"column":12}}]},"13":{"line":185,"type":"if","locations":[{"start":{"line":185,"column":46},"end":{"line":185,"column":46}},{"start":{"line":185,"column":46},"end":{"line":185,"column":46}}]},"14":{"line":185,"type":"if","locations":[{"start":{"line":185,"column":68},"end":{"line":185,"column":68}},{"start":{"line":185,"column":68},"end":{"line":185,"column":68}}]},"15":{"line":189,"type":"if","locations":[{"start":{"line":189,"column":8},"end":{"line":189,"column":8}},{"start":{"line":189,"column":8},"end":{"line":189,"column":8}}]},"16":{"line":194,"type":"if","locations":[{"start":{"line":194,"column":12},"end":{"line":194,"column":12}},{"start":{"line":194,"column":12},"end":{"line":194,"column":12}}]},"17":{"line":206,"type":"if","locations":[{"start":{"line":206,"column":12},"end":{"line":206,"column":12}},{"start":{"line":206,"column":12},"end":{"line":206,"column":12}}]},"18":{"line":208,"type":"if","locations":[{"start":{"line":208,"column":16},"end":{"line":208,"column":16}},{"start":{"line":208,"column":16},"end":{"line":208,"column":16}}]},"19":{"line":222,"type":"if","locations":[{"start":{"line":222,"column":12},"end":{"line":222,"column":12}},{"start":{"line":222,"column":12},"end":{"line":222,"column":12}}]},"20":{"line":225,"type":"if","locations":[{"start":{"line":225,"column":16},"end":{"line":225,"column":16}},{"start":{"line":225,"column":16},"end":{"line":225,"column":16}}]},"21":{"line":278,"type":"if","locations":[{"start":{"line":278,"column":12},"end":{"line":278,"column":12}},{"start":{"line":278,"column":12},"end":{"line":278,"column":12}}]}}},"contracts\\BaobabGovernor.sol":{"l":{"47":0,"56":0,"65":0,"74":0,"83":0,"92":0,"102":0,"112":0,"121":0,"130":0},"path":"C:\\Users\\toluk\\Desktop\\Base Jungle\\contracts\\BaobabGovernor.sol","s":{"1":0,"2":0,"3":0,"4":0,"5":0,"6":0,"7":0,"8":0,"9":0,"10":0},"b":{},"f":{"1":0,"2":0,"3":0,"4":0,"5":0,"6":0,"7":0,"8":0,"9":0,"10":0,"11":0},"fnMap":{"1":{"name":"constructor","line":36,"loc":{"start":{"line":24,"column":4},"end":{"line":37,"column":5}}},"2":{"name":"votingDelay","line":41,"loc":{"start":{"line":41,"column":4},"end":{"line":48,"column":4}}},"3":{"name":"votingPeriod","line":50,"loc":{"start":{"line":50,"column":4},"end":{"line":57,"column":4}}},"4":{"name":"quorum","line":59,"loc":{"start":{"line":59,"column":4},"end":{"line":66,"column":4}}},"5":{"name":"state","line":68,"loc":{"start":{"line":68,"column":4},"end":{"line":75,"column":4}}},"6":{"name":"proposalNeedsQueuing","line":77,"loc":{"start":{"line":77,"column":4},"end":{"line":84,"column":4}}},"7":{"name":"proposalThreshold","line":86,"loc":{"start":{"line":86,"column":4},"end":{"line":93,"column":4}}},"8":{"name":"_queueOperations","line":95,"loc":{"start":{"line":95,"column":4},"end":{"line":103,"column":4}}},"9":{"name":"_executeOperations","line":105,"loc":{"start":{"line":105,"column":4},"end":{"line":113,"column":4}}},"10":{"name":"_cancel","line":115,"loc":{"start":{"line":115,"column":4},"end":{"line":122,"column":4}}},"11":{"name":"_executor","line":124,"loc":{"start":{"line":124,"column":4},"end":{"line":131,"column":4}}}},"statementMap":{"1":{"start":{"line":47,"column":8},"end":{"line":47,"column":34}},"2":{"start":{"line":56,"column":8},"end":{"line":56,"column":35}},"3":{"start":{"line":65,"column":8},"end":{"line":65,"column":40}},"4":{"start":{"line":74,"column":8},"end":{"line":74,"column":38}},"5":{"start":{"line":83,"column":8},"end":{"line":83,"column":53}},"6":{"start":{"line":92,"column":8},"end":{"line":92,"column":40}},"7":{"start":{"line":102,"column":8},"end":{"line":102,"column":94}},"8":{"start":{"line":112,"column":8},"end":{"line":112,"column":88}},"9":{"start":{"line":121,"column":8},"end":{"line":121,"column":73}},"10":{"start":{"line":130,"column":8},"end":{"line":130,"column":32}}},"branchMap":{}},"contracts\\BaobabVaultBase.sol":{"l":{"39":11,"40":11,"41":11,"42":11,"44":11,"51":0,"58":0,"65":0,"66":0,"67":0,"69":0,"70":0,"71":0,"73":0,"80":0,"81":0,"82":0,"89":0,"96":0,"103":0,"110":0,"116":6,"117":6,"118":6,"119":6},"path":"C:\\Users\\toluk\\Desktop\\Base Jungle\\contracts\\BaobabVaultBase.sol","s":{"1":11,"2":11,"3":11,"4":11,"5":0,"6":0,"7":0,"8":0,"9":0,"10":0,"11":0,"12":0,"13":0,"14":0,"15":0,"16":0,"17":0,"18":6,"19":6,"20":6,"21":6},"b":{"1":[0,0],"2":[0,0],"3":[0,0],"4":[0,0],"5":[0,0],"6":[0,0],"7":[0,0],"8":[0,0],"9":[0,0],"10":[0,0],"11":[0,0],"12":[0,0],"13":[0,0],"14":[0,0],"15":[0,0],"16":[6,0],"17":[6,0]},"f":{"1":11,"2":0,"3":0,"4":0,"5":0,"6":0,"7":0,"8":0,"9":0,"10":6},"fnMap":{"1":{"name":"constructor","line":38,"loc":{"start":{"line":38,"column":4},"end":{"line":45,"column":4}}},"2":{"name":"pause","line":50,"loc":{"start":{"line":50,"column":4},"end":{"line":52,"column":4}}},"3":{"name":"unpause","line":57,"loc":{"start":{"line":57,"column":4},"end":{"line":59,"column":4}}},"4":{"name":"updateFees","line":64,"loc":{"start":{"line":64,"column":4},"end":{"line":74,"column":4}}},"5":{"name":"deposit","line":79,"loc":{"start":{"line":79,"column":4},"end":{"line":83,"column":4}}},"6":{"name":"mint","line":88,"loc":{"start":{"line":88,"column":4},"end":{"line":90,"column":4}}},"7":{"name":"withdraw","line":95,"loc":{"start":{"line":95,"column":4},"end":{"line":97,"column":4}}},"8":{"name":"redeem","line":102,"loc":{"start":{"line":102,"column":4},"end":{"line":104,"column":4}}},"9":{"name":"emergencyWithdrawToken","line":109,"loc":{"start":{"line":109,"column":4},"end":{"line":111,"column":4}}},"10":{"name":"_awardDepositPoints","line":113,"loc":{"start":{"line":113,"column":4},"end":{"line":122,"column":4}}}},"statementMap":{"1":{"start":{"line":39,"column":8},"end":{"line":39,"column":49}},"2":{"start":{"line":40,"column":8},"end":{"line":40,"column":46}},"3":{"start":{"line":41,"column":8},"end":{"line":41,"column":42}},"4":{"start":{"line":42,"column":8},"end":{"line":42,"column":55}},"5":{"start":{"line":51,"column":8},"end":{"line":51,"column":15}},"6":{"start":{"line":58,"column":8},"end":{"line":58,"column":17}},"7":{"start":{"line":65,"column":8},"end":{"line":65,"column":56}},"8":{"start":{"line":66,"column":8},"end":{"line":66,"column":62}},"9":{"start":{"line":67,"column":8},"end":{"line":67,"column":66}},"10":{"start":{"line":73,"column":8},"end":{"line":73,"column":70}},"11":{"start":{"line":80,"column":8},"end":{"line":80,"column":54}},"12":{"start":{"line":81,"column":8},"end":{"line":81,"column":56}},"13":{"start":{"line":82,"column":8},"end":{"line":82,"column":46}},"14":{"start":{"line":89,"column":8},"end":{"line":89,"column":43}},"15":{"start":{"line":96,"column":8},"end":{"line":96,"column":54}},"16":{"start":{"line":103,"column":8},"end":{"line":103,"column":52}},"17":{"start":{"line":110,"column":8},"end":{"line":110,"column":41}},"18":{"start":{"line":116,"column":8},"end":{"line":116,"column":4588}},"19":{"start":{"line":117,"column":12},"end":{"line":117,"column":50}},"20":{"start":{"line":118,"column":12},"end":{"line":118,"column":4702}},"21":{"start":{"line":119,"column":16},"end":{"line":119,"column":88}}},"branchMap":{"1":{"line":50,"type":"if","locations":[{"start":{"line":50,"column":30},"end":{"line":50,"column":30}},{"start":{"line":50,"column":30},"end":{"line":50,"column":30}}]},"2":{"line":57,"type":"if","locations":[{"start":{"line":57,"column":32},"end":{"line":57,"column":32}},{"start":{"line":57,"column":32},"end":{"line":57,"column":32}}]},"3":{"line":64,"type":"if","locations":[{"start":{"line":64,"column":103},"end":{"line":64,"column":103}},{"start":{"line":64,"column":103},"end":{"line":64,"column":103}}]},"4":{"line":65,"type":"if","locations":[{"start":{"line":65,"column":8},"end":{"line":65,"column":8}},{"start":{"line":65,"column":8},"end":{"line":65,"column":8}}]},"5":{"line":66,"type":"if","locations":[{"start":{"line":66,"column":8},"end":{"line":66,"column":8}},{"start":{"line":66,"column":8},"end":{"line":66,"column":8}}]},"6":{"line":67,"type":"if","locations":[{"start":{"line":67,"column":8},"end":{"line":67,"column":8}},{"start":{"line":67,"column":8},"end":{"line":67,"column":8}}]},"7":{"line":79,"type":"if","locations":[{"start":{"line":79,"column":79},"end":{"line":79,"column":79}},{"start":{"line":79,"column":79},"end":{"line":79,"column":79}}]},"8":{"line":79,"type":"if","locations":[{"start":{"line":79,"column":93},"end":{"line":79,"column":93}},{"start":{"line":79,"column":93},"end":{"line":79,"column":93}}]},"9":{"line":80,"type":"if","locations":[{"start":{"line":80,"column":8},"end":{"line":80,"column":8}},{"start":{"line":80,"column":8},"end":{"line":80,"column":8}}]},"10":{"line":81,"type":"if","locations":[{"start":{"line":81,"column":8},"end":{"line":81,"column":8}},{"start":{"line":81,"column":8},"end":{"line":81,"column":8}}]},"11":{"line":88,"type":"if","locations":[{"start":{"line":88,"column":76},"end":{"line":88,"column":76}},{"start":{"line":88,"column":76},"end":{"line":88,"column":76}}]},"12":{"line":88,"type":"if","locations":[{"start":{"line":88,"column":90},"end":{"line":88,"column":90}},{"start":{"line":88,"column":90},"end":{"line":88,"column":90}}]},"13":{"line":95,"type":"if","locations":[{"start":{"line":95,"column":95},"end":{"line":95,"column":95}},{"start":{"line":95,"column":95},"end":{"line":95,"column":95}}]},"14":{"line":102,"type":"if","locations":[{"start":{"line":102,"column":93},"end":{"line":102,"column":93}},{"start":{"line":102,"column":93},"end":{"line":102,"column":93}}]},"15":{"line":109,"type":"if","locations":[{"start":{"line":109,"column":88},"end":{"line":109,"column":88}},{"start":{"line":109,"column":88},"end":{"line":109,"column":88}}]},"16":{"line":116,"type":"if","locations":[{"start":{"line":116,"column":8},"end":{"line":116,"column":8}},{"start":{"line":116,"column":8},"end":{"line":116,"column":8}}]},"17":{"line":118,"type":"if","locations":[{"start":{"line":118,"column":12},"end":{"line":118,"column":12}},{"start":{"line":118,"column":12},"end":{"line":118,"column":12}}]}}},"contracts\\BaseJunglePositionNFT.sol":{"l":{"63":11,"64":11,"65":11,"66":11,"68":11,"69":11,"83":0,"88":0,"90":0,"100":0,"102":0,"115":0,"116":0,"117":0,"118":0,"120":0,"127":0,"128":0,"135":0,"136":0,"143":0,"150":0,"157":0,"165":0,"168":0,"169":0,"170":0,"174":0,"185":0},"path":"C:\\Users\\toluk\\Desktop\\Base Jungle\\contracts\\BaseJunglePositionNFT.sol","s":{"1":11,"2":11,"3":11,"4":11,"5":0,"6":0,"7":0,"8":0,"9":0,"10":0,"11":0,"12":0,"13":0,"14":0,"15":0,"16":0,"17":0,"18":0},"b":{"1":[0,0],"2":[0,0],"3":[0,0],"4":[0,0],"5":[0,0],"6":[0,0],"7":[0,0],"8":[0,0],"9":[0,0],"10":[0,0],"11":[0,0],"12":[0,0]},"f":{"1":11,"2":0,"3":0,"4":0,"5":0,"6":0,"7":0,"8":0,"9":0,"10":0},"fnMap":{"1":{"name":"constructor","line":62,"loc":{"start":{"line":62,"column":4},"end":{"line":73,"column":4}}},"2":{"name":"mintPosition","line":82,"loc":{"start":{"line":82,"column":4},"end":{"line":103,"column":4}}},"3":{"name":"updateTierConfig","line":114,"loc":{"start":{"line":108,"column":4},"end":{"line":121,"column":4}}},"4":{"name":"setGlobalSoulbound","line":126,"loc":{"start":{"line":126,"column":4},"end":{"line":129,"column":4}}},"5":{"name":"setPositionSoulbound","line":134,"loc":{"start":{"line":134,"column":4},"end":{"line":137,"column":4}}},"6":{"name":"setPointsTracker","line":142,"loc":{"start":{"line":142,"column":4},"end":{"line":144,"column":4}}},"7":{"name":"pause","line":149,"loc":{"start":{"line":149,"column":4},"end":{"line":151,"column":4}}},"8":{"name":"unpause","line":156,"loc":{"start":{"line":156,"column":4},"end":{"line":158,"column":4}}},"9":{"name":"_update","line":164,"loc":{"start":{"line":164,"column":4},"end":{"line":175,"column":4}}},"10":{"name":"supportsInterface","line":179,"loc":{"start":{"line":179,"column":4},"end":{"line":186,"column":4}}}},"statementMap":{"1":{"start":{"line":63,"column":8},"end":{"line":63,"column":49}},"2":{"start":{"line":64,"column":8},"end":{"line":64,"column":42}},"3":{"start":{"line":65,"column":8},"end":{"line":65,"column":43}},"4":{"start":{"line":66,"column":8},"end":{"line":66,"column":42}},"5":{"start":{"line":83,"column":8},"end":{"line":83,"column":65}},"6":{"start":{"line":88,"column":8},"end":{"line":88,"column":40}},"7":{"start":{"line":100,"column":8},"end":{"line":100,"column":29}},"8":{"start":{"line":102,"column":8},"end":{"line":102,"column":54}},"9":{"start":{"line":120,"column":8},"end":{"line":120,"column":76}},"10":{"start":{"line":128,"column":8},"end":{"line":128,"column":50}},"11":{"start":{"line":136,"column":8},"end":{"line":136,"column":61}},"12":{"start":{"line":150,"column":8},"end":{"line":150,"column":15}},"13":{"start":{"line":157,"column":8},"end":{"line":157,"column":17}},"14":{"start":{"line":165,"column":8},"end":{"line":165,"column":40}},"15":{"start":{"line":168,"column":8},"end":{"line":168,"column":6220}},"16":{"start":{"line":169,"column":12},"end":{"line":169,"column":6283}},"17":{"start":{"line":174,"column":8},"end":{"line":174,"column":47}},"18":{"start":{"line":185,"column":8},"end":{"line":185,"column":51}}},"branchMap":{"1":{"line":82,"type":"if","locations":[{"start":{"line":82,"column":96},"end":{"line":82,"column":96}},{"start":{"line":82,"column":96},"end":{"line":82,"column":96}}]},"2":{"line":82,"type":"if","locations":[{"start":{"line":82,"column":109},"end":{"line":82,"column":109}},{"start":{"line":82,"column":109},"end":{"line":82,"column":109}}]},"3":{"line":82,"type":"if","locations":[{"start":{"line":82,"column":131},"end":{"line":82,"column":131}},{"start":{"line":82,"column":131},"end":{"line":82,"column":131}}]},"4":{"line":83,"type":"if","locations":[{"start":{"line":83,"column":8},"end":{"line":83,"column":8}},{"start":{"line":83,"column":8},"end":{"line":83,"column":8}}]},"5":{"line":114,"type":"if","locations":[{"start":{"line":114,"column":15},"end":{"line":114,"column":15}},{"start":{"line":114,"column":15},"end":{"line":114,"column":15}}]},"6":{"line":126,"type":"if","locations":[{"start":{"line":126,"column":55},"end":{"line":126,"column":55}},{"start":{"line":126,"column":55},"end":{"line":126,"column":55}}]},"7":{"line":134,"type":"if","locations":[{"start":{"line":134,"column":74},"end":{"line":134,"column":74}},{"start":{"line":134,"column":74},"end":{"line":134,"column":74}}]},"8":{"line":142,"type":"if","locations":[{"start":{"line":142,"column":63},"end":{"line":142,"column":63}},{"start":{"line":142,"column":63},"end":{"line":142,"column":63}}]},"9":{"line":149,"type":"if","locations":[{"start":{"line":149,"column":30},"end":{"line":149,"column":30}},{"start":{"line":149,"column":30},"end":{"line":149,"column":30}}]},"10":{"line":156,"type":"if","locations":[{"start":{"line":156,"column":32},"end":{"line":156,"column":32}},{"start":{"line":156,"column":32},"end":{"line":156,"column":32}}]},"11":{"line":168,"type":"if","locations":[{"start":{"line":168,"column":8},"end":{"line":168,"column":8}},{"start":{"line":168,"column":8},"end":{"line":168,"column":8}}]},"12":{"line":169,"type":"if","locations":[{"start":{"line":169,"column":12},"end":{"line":169,"column":12}},{"start":{"line":169,"column":12},"end":{"line":169,"column":12}}]}}},"contracts\\defi\\DEXAggregator.sol":{"l":{"52":0,"53":0,"55":0,"56":0,"58":0,"59":0,"60":0,"63":0,"64":0,"65":0,"73":0,"74":0,"75":0,"76":0,"77":0,"84":0,"85":0,"86":0,"94":0,"95":0,"96":0,"103":0,"104":0,"125":0,"126":0,"129":0,"132":0,"135":0,"136":0,"143":0,"151":0,"153":0,"170":0,"172":0,"173":0,"179":0,"180":0,"182":0,"194":0,"196":0,"197":0,"200":0,"201":0,"208":0,"209":0,"212":0,"216":0,"229":0,"232":0,"233":0,"234":0,"237":0,"238":0,"239":0,"241":0,"242":0,"243":0,"244":0,"247":0,"248":0,"249":0,"252":0,"255":0,"258":0,"261":0,"263":0,"266":0,"267":0,"268":0,"270":0,"271":0,"273":0,"274":0,"275":0,"278":0,"282":0,"293":0,"296":0,"298":0,"299":0,"305":0,"313":0,"316":0,"324":0},"path":"C:\\Users\\toluk\\Desktop\\Base Jungle\\contracts\\defi\\DEXAggregator.sol","s":{"1":0,"2":0,"3":0,"4":0,"5":0,"6":0,"7":0,"8":0,"9":0,"10":0,"11":0,"12":0,"13":0,"14":0,"15":0,"16":0,"17":0,"18":0,"19":0,"20":0,"21":0,"22":0,"23":0,"24":0,"25":0,"26":0,"27":0,"28":0,"29":0,"30":0,"31":0,"32":0,"33":0,"34":0,"35":0,"36":0,"37":0,"38":0,"39":0,"40":0,"41":0,"42":0,"43":0,"44":0,"45":0,"46":0,"47":0,"48":0,"49":0,"50":0,"51":0,"52":0,"53":0,"54":0,"55":0,"56":0,"57":0,"58":0,"59":0,"60":0},"b":{"1":[0,0],"2":[0,0],"3":[0,0],"4":[0,0],"5":[0,0],"6":[0,0],"7":[0,0],"8":[0,0],"9":[0,0],"10":[0,0],"11":[0,0],"12":[0,0],"13":[0,0],"14":[0,0],"15":[0,0],"16":[0,0],"17":[0,0],"18":[0,0],"19":[0,0],"20":[0,0],"21":[0,0],"22":[0,0],"23":[0,0],"24":[0,0]},"f":{"1":0,"2":0,"3":0,"4":0,"5":0,"6":0,"7":0,"8":0,"9":0,"10":0},"fnMap":{"1":{"name":"constructor","line":51,"loc":{"start":{"line":51,"column":4},"end":{"line":67,"column":4}}},"2":{"name":"setUniswapV3Router","line":72,"loc":{"start":{"line":72,"column":4},"end":{"line":78,"column":4}}},"3":{"name":"setAerodromeRouter","line":83,"loc":{"start":{"line":83,"column":4},"end":{"line":87,"column":4}}},"4":{"name":"setMaxSlippage","line":93,"loc":{"start":{"line":93,"column":4},"end":{"line":97,"column":4}}},"5":{"name":"setTokenWhitelist","line":102,"loc":{"start":{"line":102,"column":4},"end":{"line":105,"column":4}}},"6":{"name":"swapAerodrome","line":124,"loc":{"start":{"line":117,"column":4},"end":{"line":154,"column":4}}},"7":{"name":"getAerodromeQuote","line":164,"loc":{"start":{"line":164,"column":4},"end":{"line":184,"column":4}}},"8":{"name":"getUniV3Quote","line":189,"loc":{"start":{"line":189,"column":4},"end":{"line":217,"column":4}}},"9":{"name":"swapBestRoute","line":228,"loc":{"start":{"line":223,"column":4},"end":{"line":318,"column":4}}},"10":{"name":"calculateMinOutput","line":323,"loc":{"start":{"line":323,"column":4},"end":{"line":325,"column":4}}}},"statementMap":{"1":{"start":{"line":52,"column":8},"end":{"line":52,"column":49}},"2":{"start":{"line":53,"column":8},"end":{"line":53,"column":48}},"3":{"start":{"line":55,"column":8},"end":{"line":55,"column":69}},"4":{"start":{"line":58,"column":8},"end":{"line":58,"column":2019}},"5":{"start":{"line":63,"column":12},"end":{"line":63,"column":34}},"6":{"start":{"line":64,"column":12},"end":{"line":64,"column":35}},"7":{"start":{"line":65,"column":12},"end":{"line":65,"column":36}},"8":{"start":{"line":73,"column":8},"end":{"line":73,"column":55}},"9":{"start":{"line":74,"column":8},"end":{"line":74,"column":55}},"10":{"start":{"line":77,"column":8},"end":{"line":77,"column":48}},"11":{"start":{"line":84,"column":8},"end":{"line":84,"column":55}},"12":{"start":{"line":86,"column":8},"end":{"line":86,"column":48}},"13":{"start":{"line":94,"column":8},"end":{"line":94,"column":54}},"14":{"start":{"line":96,"column":8},"end":{"line":96,"column":39}},"15":{"start":{"line":104,"column":8},"end":{"line":104,"column":44}},"16":{"start":{"line":125,"column":8},"end":{"line":125,"column":43}},"17":{"start":{"line":126,"column":8},"end":{"line":126,"column":49}},"18":{"start":{"line":129,"column":8},"end":{"line":129,"column":76}},"19":{"start":{"line":132,"column":8},"end":{"line":132,"column":57}},"20":{"start":{"line":135,"column":8},"end":{"line":135,"column":80}},"21":{"start":{"line":143,"column":8},"end":{"line":143,"column":4999}},"22":{"start":{"line":153,"column":8},"end":{"line":153,"column":89}},"23":{"start":{"line":170,"column":8},"end":{"line":170,"column":35}},"24":{"start":{"line":170,"column":27},"end":{"line":170,"column":35}},"25":{"start":{"line":172,"column":8},"end":{"line":172,"column":80}},"26":{"start":{"line":179,"column":8},"end":{"line":179,"column":6126}},"27":{"start":{"line":194,"column":8},"end":{"line":194,"column":68}},"28":{"start":{"line":194,"column":60},"end":{"line":194,"column":68}},"29":{"start":{"line":196,"column":8},"end":{"line":196,"column":67}},"30":{"start":{"line":197,"column":8},"end":{"line":197,"column":29}},"31":{"start":{"line":200,"column":8},"end":{"line":200,"column":6809}},"32":{"start":{"line":201,"column":12},"end":{"line":201,"column":6879}},"33":{"start":{"line":208,"column":16},"end":{"line":208,"column":7109}},"34":{"start":{"line":216,"column":8},"end":{"line":216,"column":24}},"35":{"start":{"line":229,"column":8},"end":{"line":229,"column":43}},"36":{"start":{"line":232,"column":8},"end":{"line":232,"column":81}},"37":{"start":{"line":233,"column":8},"end":{"line":233,"column":84}},"38":{"start":{"line":234,"column":8},"end":{"line":234,"column":71}},"39":{"start":{"line":237,"column":8},"end":{"line":237,"column":38}},"40":{"start":{"line":238,"column":8},"end":{"line":238,"column":25}},"41":{"start":{"line":239,"column":8},"end":{"line":239,"column":29}},"42":{"start":{"line":241,"column":8},"end":{"line":241,"column":8186}},"43":{"start":{"line":247,"column":8},"end":{"line":247,"column":8337}},"44":{"start":{"line":252,"column":8},"end":{"line":252,"column":45}},"45":{"start":{"line":255,"column":8},"end":{"line":255,"column":82}},"46":{"start":{"line":258,"column":8},"end":{"line":258,"column":76}},"47":{"start":{"line":261,"column":8},"end":{"line":261,"column":8784}},"48":{"start":{"line":263,"column":12},"end":{"line":263,"column":61}},"49":{"start":{"line":266,"column":12},"end":{"line":266,"column":33}},"50":{"start":{"line":267,"column":12},"end":{"line":267,"column":36}},"51":{"start":{"line":268,"column":12},"end":{"line":268,"column":71}},"52":{"start":{"line":270,"column":12},"end":{"line":270,"column":9121}},"53":{"start":{"line":271,"column":16},"end":{"line":271,"column":9195}},"54":{"start":{"line":273,"column":20},"end":{"line":273,"column":9351}},"55":{"start":{"line":282,"column":12},"end":{"line":282,"column":9603}},"56":{"start":{"line":296,"column":12},"end":{"line":296,"column":61}},"57":{"start":{"line":298,"column":12},"end":{"line":298,"column":84}},"58":{"start":{"line":305,"column":12},"end":{"line":305,"column":10496}},"59":{"start":{"line":316,"column":8},"end":{"line":316,"column":10906}},"60":{"start":{"line":324,"column":8},"end":{"line":324,"column":74}}},"branchMap":{"1":{"line":55,"type":"if","locations":[{"start":{"line":55,"column":8},"end":{"line":55,"column":8}},{"start":{"line":55,"column":8},"end":{"line":55,"column":8}}]},"2":{"line":58,"type":"if","locations":[{"start":{"line":58,"column":8},"end":{"line":58,"column":8}},{"start":{"line":58,"column":8},"end":{"line":58,"column":8}}]},"3":{"line":72,"type":"if","locations":[{"start":{"line":72,"column":75},"end":{"line":72,"column":75}},{"start":{"line":72,"column":75},"end":{"line":72,"column":75}}]},"4":{"line":73,"type":"if","locations":[{"start":{"line":73,"column":8},"end":{"line":73,"column":8}},{"start":{"line":73,"column":8},"end":{"line":73,"column":8}}]},"5":{"line":74,"type":"if","locations":[{"start":{"line":74,"column":8},"end":{"line":74,"column":8}},{"start":{"line":74,"column":8},"end":{"line":74,"column":8}}]},"6":{"line":83,"type":"if","locations":[{"start":{"line":83,"column":58},"end":{"line":83,"column":58}},{"start":{"line":83,"column":58},"end":{"line":83,"column":58}}]},"7":{"line":84,"type":"if","locations":[{"start":{"line":84,"column":8},"end":{"line":84,"column":8}},{"start":{"line":84,"column":8},"end":{"line":84,"column":8}}]},"8":{"line":93,"type":"if","locations":[{"start":{"line":93,"column":56},"end":{"line":93,"column":56}},{"start":{"line":93,"column":56},"end":{"line":93,"column":56}}]},"9":{"line":94,"type":"if","locations":[{"start":{"line":94,"column":8},"end":{"line":94,"column":8}},{"start":{"line":94,"column":8},"end":{"line":94,"column":8}}]},"10":{"line":102,"type":"if","locations":[{"start":{"line":102,"column":68},"end":{"line":102,"column":68}},{"start":{"line":102,"column":68},"end":{"line":102,"column":68}}]},"11":{"line":124,"type":"if","locations":[{"start":{"line":124,"column":15},"end":{"line":124,"column":15}},{"start":{"line":124,"column":15},"end":{"line":124,"column":15}}]},"12":{"line":125,"type":"if","locations":[{"start":{"line":125,"column":8},"end":{"line":125,"column":8}},{"start":{"line":125,"column":8},"end":{"line":125,"column":8}}]},"13":{"line":126,"type":"if","locations":[{"start":{"line":126,"column":8},"end":{"line":126,"column":8}},{"start":{"line":126,"column":8},"end":{"line":126,"column":8}}]},"14":{"line":170,"type":"if","locations":[{"start":{"line":170,"column":8},"end":{"line":170,"column":8}},{"start":{"line":170,"column":8},"end":{"line":170,"column":8}}]},"15":{"line":194,"type":"if","locations":[{"start":{"line":194,"column":8},"end":{"line":194,"column":8}},{"start":{"line":194,"column":8},"end":{"line":194,"column":8}}]},"16":{"line":194,"type":"cond-expr","locations":[{"start":{"line":194,"column":12},"end":{"line":194,"column":24}},{"start":{"line":194,"column":29},"end":{"line":194,"column":57}}]},"17":{"line":208,"type":"if","locations":[{"start":{"line":208,"column":16},"end":{"line":208,"column":16}},{"start":{"line":208,"column":16},"end":{"line":208,"column":16}}]},"18":{"line":228,"type":"if","locations":[{"start":{"line":228,"column":15},"end":{"line":228,"column":15}},{"start":{"line":228,"column":15},"end":{"line":228,"column":15}}]},"19":{"line":229,"type":"if","locations":[{"start":{"line":229,"column":8},"end":{"line":229,"column":8}},{"start":{"line":229,"column":8},"end":{"line":229,"column":8}}]},"20":{"line":241,"type":"if","locations":[{"start":{"line":241,"column":8},"end":{"line":241,"column":8}},{"start":{"line":241,"column":8},"end":{"line":241,"column":8}}]},"21":{"line":247,"type":"if","locations":[{"start":{"line":247,"column":8},"end":{"line":247,"column":8}},{"start":{"line":247,"column":8},"end":{"line":247,"column":8}}]},"22":{"line":252,"type":"if","locations":[{"start":{"line":252,"column":8},"end":{"line":252,"column":8}},{"start":{"line":252,"column":8},"end":{"line":252,"column":8}}]},"23":{"line":261,"type":"if","locations":[{"start":{"line":261,"column":8},"end":{"line":261,"column":8}},{"start":{"line":261,"column":8},"end":{"line":261,"column":8}}]},"24":{"line":273,"type":"if","locations":[{"start":{"line":273,"column":20},"end":{"line":273,"column":20}},{"start":{"line":273,"column":20},"end":{"line":273,"column":20}}]}}},"contracts\\defi\\LeverageManager.sol":{"l":{"65":0,"66":0,"68":0,"69":0,"71":0,"72":0,"84":0,"85":0,"88":0,"89":0,"90":0,"93":0,"94":0,"96":0,"97":0,"100":0,"103":0,"104":0,"106":0,"108":0,"111":0,"114":0,"115":0,"117":0,"119":0,"120":0,"124":0,"125":0,"126":0,"127":0,"130":0,"132":0,"136":0,"139":0,"148":0,"155":0,"156":0,"159":0,"160":0,"163":0,"165":0,"166":0,"168":0,"171":0,"174":0,"175":0,"179":0,"180":0,"181":0,"185":0,"186":0,"187":0,"189":0,"191":0,"194":0,"204":0,"205":0,"208":0,"210":0,"213":0,"220":0,"224":0,"226":0,"228":0,"246":0,"248":0,"249":0,"251":0,"253":0,"254":0,"255":0,"257":0,"258":0,"261":0,"269":0,"270":0,"272":0,"273":0,"276":0,"278":0,"280":0,"281":0,"282":0,"284":0,"287":0,"288":0,"289":0,"292":0,"301":0,"302":0},"path":"C:\\Users\\toluk\\Desktop\\Base Jungle\\contracts\\defi\\LeverageManager.sol","s":{"1":0,"2":0,"3":0,"4":0,"5":0,"6":0,"7":0,"8":0,"9":0,"10":0,"11":0,"12":0,"13":0,"14":0,"15":0,"16":0,"17":0,"18":0,"19":0,"20":0,"21":0,"22":0,"23":0,"24":0,"25":0,"26":0,"27":0,"28":0,"29":0,"30":0,"31":0,"32":0,"33":0,"34":0,"35":0,"36":0,"37":0,"38":0,"39":0,"40":0,"41":0,"42":0,"43":0,"44":0,"45":0,"46":0,"47":0,"48":0,"49":0,"50":0,"51":0,"52":0,"53":0,"54":0,"55":0,"56":0,"57":0,"58":0,"59":0,"60":0,"61":0,"62":0,"63":0,"64":0,"65":0,"66":0,"67":0,"68":0,"69":0,"70":0,"71":0,"72":0,"73":0,"74":0,"75":0},"b":{"1":[0,0],"2":[0,0],"3":[0,0],"4":[0,0],"5":[0,0],"6":[0,0],"7":[0,0],"8":[0,0],"9":[0,0],"10":[0,0],"11":[0,0],"12":[0,0],"13":[0,0],"14":[0,0],"15":[0,0],"16":[0,0],"17":[0,0],"18":[0,0],"19":[0,0],"20":[0,0],"21":[0,0],"22":[0,0],"23":[0,0],"24":[0,0]},"f":{"1":0,"2":0,"3":0,"4":0,"5":0,"6":0,"7":0},"fnMap":{"1":{"name":"constructor","line":61,"loc":{"start":{"line":61,"column":4},"end":{"line":73,"column":4}}},"2":{"name":"openLeveragePosition","line":83,"loc":{"start":{"line":80,"column":4},"end":{"line":149,"column":4}}},"3":{"name":"closeLeveragePosition","line":154,"loc":{"start":{"line":154,"column":4},"end":{"line":195,"column":4}}},"4":{"name":"getHealthFactor","line":203,"loc":{"start":{"line":203,"column":4},"end":{"line":229,"column":4}}},"5":{"name":"getPositionHealth","line":239,"loc":{"start":{"line":239,"column":4},"end":{"line":262,"column":4}}},"6":{"name":"emergencyUnwind","line":268,"loc":{"start":{"line":268,"column":4},"end":{"line":295,"column":4}}},"7":{"name":"needsRebalance","line":300,"loc":{"start":{"line":300,"column":4},"end":{"line":303,"column":4}}}},"statementMap":{"1":{"start":{"line":65,"column":8},"end":{"line":65,"column":74}},"2":{"start":{"line":66,"column":8},"end":{"line":66,"column":65}},"3":{"start":{"line":68,"column":8},"end":{"line":68,"column":49}},"4":{"start":{"line":69,"column":8},"end":{"line":69,"column":44}},"5":{"start":{"line":84,"column":8},"end":{"line":84,"column":48}},"6":{"start":{"line":85,"column":8},"end":{"line":85,"column":58}},"7":{"start":{"line":88,"column":8},"end":{"line":88,"column":75}},"8":{"start":{"line":89,"column":8},"end":{"line":89,"column":66}},"9":{"start":{"line":90,"column":8},"end":{"line":90,"column":67}},"10":{"start":{"line":93,"column":8},"end":{"line":93,"column":47}},"11":{"start":{"line":94,"column":8},"end":{"line":94,"column":79}},"12":{"start":{"line":96,"column":8},"end":{"line":96,"column":46}},"13":{"start":{"line":97,"column":8},"end":{"line":97,"column":33}},"14":{"start":{"line":100,"column":8},"end":{"line":100,"column":73}},"15":{"start":{"line":103,"column":8},"end":{"line":103,"column":58}},"16":{"start":{"line":104,"column":8},"end":{"line":104,"column":45}},"17":{"start":{"line":106,"column":8},"end":{"line":106,"column":3748}},"18":{"start":{"line":108,"column":12},"end":{"line":108,"column":49}},"19":{"start":{"line":111,"column":12},"end":{"line":111,"column":65}},"20":{"start":{"line":114,"column":12},"end":{"line":114,"column":66}},"21":{"start":{"line":115,"column":12},"end":{"line":115,"column":80}},"22
[...]
"end":{"line":105,"column":15}},{"start":{"line":105,"column":15},"end":{"line":105,"column":15}}]},"11":{"line":106,"type":"if","locations":[{"start":{"line":106,"column":8},"end":{"line":106,"column":8}},{"start":{"line":106,"column":8},"end":{"line":106,"column":8}}]},"12":{"line":107,"type":"if","locations":[{"start":{"line":107,"column":8},"end":{"line":107,"column":8}},{"start":{"line":107,"column":8},"end":{"line":107,"column":8}}]},"13":{"line":108,"type":"if","locations":[{"start":{"line":108,"column":8},"end":{"line":108,"column":8}},{"start":{"line":108,"column":8},"end":{"line":108,"column":8}}]},"14":{"line":124,"type":"if","locations":[{"start":{"line":124,"column":15},"end":{"line":124,"column":15}},{"start":{"line":124,"column":15},"end":{"line":124,"column":15}}]},"15":{"line":125,"type":"if","locations":[{"start":{"line":125,"column":8},"end":{"line":125,"column":8}},{"start":{"line":125,"column":8},"end":{"line":125,"column":8}}]}}},"contracts\\VestingManager.sol":{"l":{"50":0,"51":0,"52":0,"63":0,"64":0,"65":0,"66":0,"69":0,"71":0,"80":0,"94":0,"96":0,"97":0,"100":0,"101":0,"104":0,"105":0,"108":0,"109":0,"112":0,"113":0,"116":0,"117":0,"125":0,"127":0,"128":0,"130":0,"137":0,"138":0,"139":0,"140":0,"142":0,"153":0,"155":0,"156":0,"157":0,"160":0,"163":0,"164":0,"167":0,"168":0,"170":0,"172":0,"175":0,"176":0,"177":0,"189":0,"190":0,"191":0,"198":0,"199":0,"201":0,"203":0,"205":0,"223":0,"224":0},"path":"C:\\Users\\toluk\\Desktop\\Base Jungle\\contracts\\VestingManager.sol","s":{"1":0,"2":0,"3":0,"4":0,"5":0,"6":0,"7":0,"8":0,"9":0,"10":0,"11":0,"12":0,"13":0,"14":0,"15":0,"16":0,"17":0,"18":0,"19":0,"20":0,"21":0,"22":0,"23":0,"24":0,"25":0,"26":0,"27":0,"28":0,"29":0,"30":0,"31":0,"32":0,"33":0,"34":0,"35":0,"36":0,"37":0,"38":0,"39":0,"40":0,"41":0,"42":0,"43":0,"44":0},"b":{"1":[0,0],"2":[0,0],"3":[0,0],"4":[0,0],"5":[0,0],"6":[0,0],"7":[0,0],"8":[0,0],"9":[0,0],"10":[0,0],"11":[0,0],"12":[0,0],"13":[0,0],"14":[0,0],"15":[0,0],"16":[0,0],"17":[0,0],"18":[0,0],"19":[0,0],"20":[0,0],"21":[0,0],"22":[0,0],"23":[0,0],"24":[0,0]},"f":{"1":0,"2":0,"3":0,"4":0,"5":0,"6":0,"7":0,"8":0,"9":0},"fnMap":{"1":{"name":"constructor","line":49,"loc":{"start":{"line":49,"column":4},"end":{"line":53,"column":4}}},"2":{"name":"createVestingSchedule","line":62,"loc":{"start":{"line":58,"column":4},"end":{"line":87,"column":4}}},"3":{"name":"_getTierVesting","line":89,"loc":{"start":{"line":89,"column":4},"end":{"line":119,"column":4}}},"4":{"name":"triggerTGE","line":124,"loc":{"start":{"line":124,"column":4},"end":{"line":131,"column":4}}},"5":{"name":"setStartTime","line":136,"loc":{"start":{"line":136,"column":4},"end":{"line":143,"column":4}}},"6":{"name":"vestedAmount","line":148,"loc":{"start":{"line":148,"column":4},"end":{"line":179,"column":4}}},"7":{"name":"claimableAmount","line":184,"loc":{"start":{"line":184,"column":4},"end":{"line":192,"column":4}}},"8":{"name":"claim","line":197,"loc":{"start":{"line":197,"column":4},"end":{"line":206,"column":4}}},"9":{"name":"getVestingSchedule","line":211,"loc":{"start":{"line":211,"column":4},"end":{"line":232,"column":4}}}},"statementMap":{"1":{"start":{"line":50,"column":8},"end":{"line":50,"column":49}},"2":{"start":{"line":51,"column":8},"end":{"line":51,"column":49}},"3":{"start":{"line":63,"column":8},"end":{"line":63,"column":57}},"4":{"start":{"line":64,"column":8},"end":{"line":64,"column":46}},"5":{"start":{"line":65,"column":8},"end":{"line":65,"column":41}},"6":{"start":{"line":66,"column":8},"end":{"line":66,"column":81}},"7":{"start":{"line":69,"column":8},"end":{"line":69,"column":75}},"8":{"start":{"line":80,"column":8},"end":{"line":80,"column":2693}},"9":{"start":{"line":94,"column":8},"end":{"line":94,"column":3012}},"10":{"start":{"line":98,"column":15},"end":{"line":98,"column":3139}},"11":{"start":{"line":102,"column":15},"end":{"line":102,"column":3268}},"12":{"start":{"line":106,"column":15},"end":{"line":106,"column":3396}},"13":{"start":{"line":110,"column":15},"end":{"line":110,"column":3522}},"14":{"start":{"line":125,"column":8},"end":{"line":125,"column":52}},"15":{"start":{"line":130,"column":8},"end":{"line":130,"column":42}},"16":{"start":{"line":137,"column":8},"end":{"line":137,"column":47}},"17":{"start":{"line":138,"column":8},"end":{"line":138,"column":72}},"18":{"start":{"line":139,"column":8},"end":{"line":139,"column":55}},"19":{"start":{"line":140,"column":8},"end":{"line":140,"column":65}},"20":{"start":{"line":153,"column":8},"end":{"line":153,"column":34}},"21":{"start":{"line":153,"column":26},"end":{"line":153,"column":34}},"22":{"start":{"line":155,"column":8},"end":{"line":155,"column":72}},"23":{"start":{"line":156,"column":8},"end":{"line":156,"column":47}},"24":{"start":{"line":156,"column":39},"end":{"line":156,"column":47}},"25":{"start":{"line":157,"column":8},"end":{"line":157,"column":45}},"26":{"start":{"line":157,"column":37},"end":{"line":157,"column":45}},"27":{"start":{"line":160,"column":8},"end":{"line":160,"column":85}},"28":{"start":{"line":163,"column":8},"end":{"line":163,"column":5117}},"29":{"start":{"line":164,"column":12},"end":{"line":164,"column":20}},"30":{"start":{"line":167,"column":8},"end":{"line":167,"column":62}},"31":{"start":{"line":168,"column":8},"end":{"line":168,"column":30}},"32":{"start":{"line":170,"column":8},"end":{"line":170,"column":5306}},"33":{"start":{"line":172,"column":12},"end":{"line":172,"column":39}},"34":{"start":{"line":175,"column":12},"end":{"line":175,"column":68}},"35":{"start":{"line":177,"column":12},"end":{"line":177,"column":45}},"36":{"start":{"line":189,"column":8},"end":{"line":189,"column":50}},"37":{"start":{"line":190,"column":8},"end":{"line":190,"column":63}},"38":{"start":{"line":191,"column":8},"end":{"line":191,"column":54}},"39":{"start":{"line":198,"column":8},"end":{"line":198,"column":55}},"40":{"start":{"line":199,"column":8},"end":{"line":199,"column":49}},"41":{"start":{"line":203,"column":8},"end":{"line":203,"column":54}},"42":{"start":{"line":205,"column":8},"end":{"line":205,"column":66}},"43":{"start":{"line":223,"column":8},"end":{"line":223,"column":72}},"44":{"start":{"line":224,"column":8},"end":{"line":224,"column":6928}}},"branchMap":{"1":{"line":62,"type":"if","locations":[{"start":{"line":62,"column":15},"end":{"line":62,"column":15}},{"start":{"line":62,"column":15},"end":{"line":62,"column":15}}]},"2":{"line":63,"type":"if","locations":[{"start":{"line":63,"column":8},"end":{"line":63,"column":8}},{"start":{"line":63,"column":8},"end":{"line":63,"column":8}}]},"3":{"line":64,"type":"if","locations":[{"start":{"line":64,"column":8},"end":{"line":64,"column":8}},{"start":{"line":64,"column":8},"end":{"line":64,"column":8}}]},"4":{"line":65,"type":"if","locations":[{"start":{"line":65,"column":8},"end":{"line":65,"column":8}},{"start":{"line":65,"column":8},"end":{"line":65,"column":8}}]},"5":{"line":66,"type":"if","locations":[{"start":{"line":66,"column":8},"end":{"line":66,"column":8}},{"start":{"line":66,"column":8},"end":{"line":66,"column":8}}]},"6":{"line":94,"type":"if","locations":[{"start":{"line":94,"column":8},"end":{"line":94,"column":8}},{"start":{"line":94,"column":8},"end":{"line":94,"column":8}}]},"7":{"line":98,"type":"if","locations":[{"start":{"line":98,"column":15},"end":{"line":98,"column":15}},{"start":{"line":98,"column":15},"end":{"line":98,"column":15}}]},"8":{"line":102,"type":"if","locations":[{"start":{"line":102,"column":15},"end":{"line":102,"column":15}},{"start":{"line":102,"column":15},"end":{"line":102,"column":15}}]},"9":{"line":106,"type":"if","locations":[{"start":{"line":106,"column":15},"end":{"line":106,"column":15}},{"start":{"line":106,"column":15},"end":{"line":106,"column":15}}]},"10":{"line":110,"type":"if","locations":[{"start":{"line":110,"column":15},"end":{"line":110,"column":15}},{"start":{"line":110,"column":15},"end":{"line":110,"column":15}}]},"11":{"line":124,"type":"if","locations":[{"start":{"line":124,"column":35},"end":{"line":124,"column":35}},{"start":{"line":124,"column":35},"end":{"line":124,"column":35}}]},"12":{"line":125,"type":"if","locations":[{"start":{"line":125,"column":8},"end":{"line":125,"column":8}},{"start":{"line":125,"column":8},"end":{"line":125,"column":8}}]},"13":{"line":136,"type":"if","locations":[{"start":{"line":136,"column":56},"end":{"line":136,"column":56}},{"start":{"line":136,"column":56},"end":{"line":136,"column":56}}]},"14":{"line":137,"type":"if","locations":[{"start":{"line":137,"column":8},"end":{"line":137,"column":8}},{"start":{"line":137,"column":8},"end":{"line":137,"column":8}}]},"15":{"line":139,"type":"if","locations":[{"start":{"line":139,"column":8},"end":{"line":139,"column":8}},{"start":{"line":139,"column":8},"end":{"line":139,"column":8}}]},"16":{"line":140,"type":"if","locations":[{"start":{"line":140,"column":8},"end":{"line":140,"column":8}},{"start":{"line":140,"column":8},"end":{"line":140,"column":8}}]},"17":{"line":153,"type":"if","locations":[{"start":{"line":153,"column":8},"end":{"line":153,"column":8}},{"start":{"line":153,"column":8},"end":{"line":153,"column":8}}]},"18":{"line":156,"type":"if","locations":[{"start":{"line":156,"column":8},"end":{"line":156,"column":8}},{"start":{"line":156,"column":8},"end":{"line":156,"column":8}}]},"19":{"line":157,"type":"if","locations":[{"start":{"line":157,"column":8},"end":{"line":157,"column":8}},{"start":{"line":157,"column":8},"end":{"line":157,"column":8}}]},"20":{"line":163,"type":"if","locations":[{"start":{"line":163,"column":8},"end":{"line":163,"column":8}},{"start":{"line":163,"column":8},"end":{"line":163,"column":8}}]},"21":{"line":170,"type":"if","locations":[{"start":{"line":170,"column":8},"end":{"line":170,"column":8}},{"start":{"line":170,"column":8},"end":{"line":170,"column":8}}]},"22":{"line":191,"type":"if","locations":[{"start":{"line":191,"column":34},"end":{"line":191,"column":49}},{"start":{"line":191,"column":53},"end":{"line":191,"column":53}}]},"23":{"line":197,"type":"if","locations":[{"start":{"line":197,"column":30},"end":{"line":197,"column":30}},{"start":{"line":197,"column":30},"end":{"line":197,"column":30}}]},"24":{"line":199,"type":"if","locations":[{"start":{"line":199,"column":8},"end":{"line":199,"column":8}},{"start":{"line":199,"column":8},"end":{"line":199,"column":8}}]}}},"contracts\\YieldVault.sol":{"l":{"35":11,"36":11,"46":6,"47":6,"50":6,"53":6,"56":6,"57":6,"60":6,"63":6,"66":6,"68":6,"70":6,"74":0,"76":0,"79":0,"81":0,"83":0,"85":0,"87":0,"91":0,"93":0,"96":0,"98":0,"100":0,"102":0,"104":0,"108":9,"122":6,"123":6,"125":6,"139":2,"140":2,"142":2,"157":2,"158":2,"159":2,"162":2,"165":2,"168":1,"169":1,"174":1,"175":1,"176":1,"179":1,"191":2,"192":2,"194":2,"195":2,"196":2,"199":2,"201":1,"202":1,"204":1,"208":2,"211":2,"214":2,"215":1,"216":1,"220":2,"222":2},"path":"C:\\Users\\toluk\\Desktop\\Base Jungle\\contracts\\YieldVault.sol","s":{"1":11,"2":6,"3":6,"4":6,"5":6,"6":6,"7":6,"8":6,"9":6,"10":6,"11":0,"12":0,"13":0,"14":0,"15":0,"16":0,"17":0,"18":0,"19":0,"20":0,"21":0,"22":0,"23":0,"24":0,"25":9,"26":6,"27":6,"28":6,"29":2,"30":2,"31":2,"32":2,"33":2,"34":2,"35":2,"36":2,"37":1,"38":1,"39":1,"40":1,"41":1,"42":2,"43":2,"44":2,"45":2,"46":2,"47":2,"48":1,"49":2,"50":2,"51":2,"52":1,"53":1,"54":2,"55":2},"b":{"1":[11,0],"2":[6,0],"3":[6,0],"4":[6,0],"5":[6,0],"6":[0,0],"7":[0,0],"8":[0,0],"9":[0,0],"10":[2,0],"11":[2,0],"12":[2,0],"13":[2,0],"14":[2,0],"15":[1,1],"16":[1,0],"17":[2,0],"18":[2,0],"19":[2,0],"20":[1,1],"21":[1,1]},"f":{"1":11,"2":6,"3":0,"4":0,"5":9,"6":6,"7":2,"8":2,"9":2},"fnMap":{"1":{"name":"constructor","line":34,"loc":{"start":{"line":28,"column":4},"end":{"line":37,"column":4}}},"2":{"name":"deposit","line":43,"loc":{"start":{"line":39,"column":4},"end":{"line":71,"column":4}}},"3":{"name":"withdraw","line":73,"loc":{"start":{"line":73,"column":4},"end":{"line":88,"column":4}}},"4":{"name":"redeem","line":90,"loc":{"start":{"line":90,"column":4},"end":{"line":105,"column":4}}},"5":{"name":"totalAssets","line":107,"loc":{"start":{"line":107,"column":4},"end":{"line":109,"column":4}}},"6":{"name":"_convertToShares","line":115,"loc":{"start":{"line":115,"column":4},"end":{"line":126,"column":4}}},"7":{"name":"_convertToAssets","line":132,"loc":{"start":{"line":132,"column":4},"end":{"line":143,"column":4}}},"8":{"name":"rebalance","line":155,"loc":{"start":{"line":152,"column":4},"end":{"line":180,"column":4}}},"9":{"name":"emergencyWithdraw","line":189,"loc":{"start":{"line":187,"column":4},"end":{"line":223,"column":4}}}},"statementMap":{"1":{"start":{"line":35,"column":8},"end":{"line":35,"column":74}},"2":{"start":{"line":46,"column":8},"end":{"line":46,"column":54}},"3":{"start":{"line":47,"column":8},"end":{"line":47,"column":56}},"4":{"start":{"line":53,"column":8},"end":{"line":53,"column":74}},"5":{"start":{"line":56,"column":8},"end":{"line":56,"column":63}},"6":{"start":{"line":57,"column":8},"end":{"line":57,"column":37}},"7":{"start":{"line":60,"column":8},"end":{"line":60,"column":30}},"8":{"start":{"line":63,"column":8},"end":{"line":63,"column":44}},"9":{"start":{"line":68,"column":8},"end":{"line":68,"column":58}},"10":{"start":{"line":70,"column":8},"end":{"line":70,"column":21}},"11":{"start":{"line":74,"column":8},"end":{"line":74,"column":79}},"12":{"start":{"line":76,"column":8},"end":{"line":76,"column":48}},"13":{"start":{"line":79,"column":8},"end":{"line":79,"column":38}},"14":{"start":{"line":81,"column":8},"end":{"line":81,"column":27}},"15":{"start":{"line":83,"column":8},"end":{"line":83,"column":53}},"16":{"start":{"line":85,"column":8},"end":{"line":85,"column":66}},"17":{"start":{"line":87,"column":8},"end":{"line":87,"column":21}},"18":{"start":{"line":91,"column":8},"end":{"line":91,"column":75}},"19":{"start":{"line":93,"column":8},"end":{"line":93,"column":46}},"20":{"start":{"line":96,"column":8},"end":{"line":96,"column":38}},"21":{"start":{"line":98,"column":8},"end":{"line":98,"column":27}},"22":{"start":{"line":100,"column":8},"end":{"line":100,"column":53}},"23":{"start":{"line":102,"column":8},"end":{"line":102,"column":66}},"24":{"start":{"line":104,"column":8},"end":{"line":104,"column":21}},"25":{"start":{"line":108,"column":8},"end":{"line":108,"column":41}},"26":{"start":{"line":122,"column":8},"end":{"line":122,"column":55}},"27":{"start":{"line":123,"column":8},"end":{"line":123,"column":61}},"28":{"start":{"line":125,"column":8},"end":{"line":125,"column":66}},"29":{"start":{"line":139,"column":8},"end":{"line":139,"column":55}},"30":{"start":{"line":140,"column":8},"end":{"line":140,"column":61}},"31":{"start":{"line":142,"column":8},"end":{"line":142,"column":66}},"32":{"start":{"line":157,"column":8},"end":{"line":157,"column":41}},"33":{"start":{"line":158,"column":8},"end":{"line":158,"column":61}},"34":{"start":{"line":159,"column":8},"end":{"line":159,"column":55}},"35":{"start":{"line":162,"column":8},"end":{"line":162,"column":59}},"36":{"start":{"line":165,"column":8},"end":{"line":165,"column":62}},"37":{"start":{"line":168,"column":8},"end":{"line":168,"column":54}},"38":{"start":{"line":169,"column":8},"end":{"line":169,"column":55}},"39":{"start":{"line":174,"column":8},"end":{"line":174,"column":6311}},"40":{"start":{"line":176,"column":13},"end":{"line":176,"column":71}},"41":{"start":{"line":179,"column":8},"end":{"line":179,"column":72}},"42":{"start":{"line":191,"column":8},"end":{"line":191,"column":41}},"43":{"start":{"line":192,"column":8},"end":{"line":192,"column":70}},"44":{"start":{"line":194,"column":8},"end":{"line":194,"column":46}},"45":{"start":{"line":195,"column":8},"end":{"line":195,"column":27}},"46":{"start":{"line":196,"column":8},"end":{"line":196,"column":37}},"47":{"start":{"line":199,"column":8},"end":{"line":199,"column":7260}},"48":{"start":{"line":204,"column":12},"end":{"line":204,"column":60}},"49":{"start":{"line":208,"column":8},"end":{"line":208,"column":38}},"50":{"start":{"line":211,"column":8},"end":{"line":211,"column":32}},"51":{"start":{"line":214,"column":8},"end":{"line":214,"column":7796}},"52":{"start":{"line":215,"column":12},"end":{"line":215,"column":53}},"53":{"start":{"line":216,"column":12},"end":{"line":216,"column":58}},"54":{"start":{"line":220,"column":8},"end":{"line":220,"column":61}},"55":{"start":{"line":222,"column":8},"end":{"line":222,"column":58}}},"branchMap":{"1":{"line":35,"type":"if","locations":[{"start":{"line":35,"column":8},"end":{"line":35,"column":8}},{"start":{"line":35,"column":8},"end":{"line":35,"column":8}}]},"2":{"line":42,"type":"if","locations":[{"start":{"line":42,"column":8},"end":{"line":42,"column":8}},{"start":{"line":42,"column":8},"end":{"line":42,"column":8}}]},"3":{"line":43,"type":"if","locations":[{"start":{"line":43,"column":8},"end":{"line":43,"column":8}},{"start":{"line":43,"column":8},"end":{"line":43,"column":8}}]},"4":{"line":46,"type":"if","locations":[{"start":{"line":46,"column":8},"end":{"line":46,"column":8}},{"start":{"line":46,"column":8},"end":{"line":46,"column":8}}]},"5":{"line":47,"type":"if","locations":[{"start":{"line":47,"column":8},"end":{"line":47,"column":8}},{"start":{"line":47,"column":8},"end":{"line":47,"column":8}}]},"6":{"line":73,"type":"if","locations":[{"start":{"line":73,"column":87},"end":{"line":73,"column":87}},{"start":{"line":73,"column":87},"end":{"line":73,"column":87}}]},"7":{"line":74,"type":"if","locations":[{"start":{"line":74,"column":8},"end":{"line":74,"column":8}},{"start":{"line":74,"column":8},"end":{"line":74,"column":8}}]},"8":{"line":90,"type":"if","locations":[{"start":{"line":90,"column":85},"end":{"line":90,"column":85}},{"start":{"line":90,"column":85},"end":{"line":90,"column":85}}]},"9":{"line":91,"type":"if","locations":[{"start":{"line":91,"column":8},"end":{"line":91,"column":8}},{"start":{"line":91,"column":8},"end":{"line":91,"column":8}}]},"10":{"line":154,"type":"if","locations":[{"start":{"line":154,"column":8},"end":{"line":154,"column":8}},{"start":{"line":154,"column":8},"end":{"line":154,"column":8}}]},"11":{"line":155,"type":"if","locations":[{"start":{"line":155,"column":8},"end":{"line":155,"column":8}},{"start":{"line":155,"column":8},"end":{"line":155,"column":8}}]},"12":{"line":157,"type":"if","locations":[{"start":{"line":157,"column":8},"end":{"line":157,"column":8}},{"start":{"line":157,"column":8},"end":{"line":157,"column":8}}]},"13":{"line":158,"type":"if","locations":[{"start":{"line":158,"column":8},"end":{"line":158,"column":8}},{"start":{"line":158,"column":8},"end":{"line":158,"column":8}}]},"14":{"line":159,"type":"if","locations":[{"start":{"line":159,"column":8},"end":{"line":159,"column":8}},{"start":{"line":159,"column":8},"end":{"line":159,"column":8}}]},"15":{"line":165,"type":"if","locations":[{"start":{"line":165,"column":8},"end":{"line":165,"column":8}},{"start":{"line":165,"column":8},"end":{"line":165,"column":8}}]},"16":{"line":174,"type":"if","locations":[{"start":{"line":174,"column":8},"end":{"line":174,"column":8}},{"start":{"line":174,"column":8},"end":{"line":174,"column":8}}]},"17":{"line":189,"type":"if","locations":[{"start":{"line":189,"column":8},"end":{"line":189,"column":8}},{"start":{"line":189,"column":8},"end":{"line":189,"column":8}}]},"18":{"line":191,"type":"if","locations":[{"start":{"line":191,"column":8},"end":{"line":191,"column":8}},{"start":{"line":191,"column":8},"end":{"line":191,"column":8}}]},"19":{"line":192,"type":"if","locations":[{"start":{"line":192,"column":8},"end":{"line":192,"column":8}},{"start":{"line":192,"column":8},"end":{"line":192,"column":8}}]},"20":{"line":199,"type":"if","locations":[{"start":{"line":199,"column":8},"end":{"line":199,"column":8}},{"start":{"line":199,"column":8},"end":{"line":199,"column":8}}]},"21":{"line":214,"type":"if","locations":[{"start":{"line":214,"column":8},"end":{"line":214,"column":8}},{"start":{"line":214,"column":8},"end":{"line":214,"column":8}}]}}}}